Log file open, 04/23/20 00:33:10
LogWindows: Failed to load 'aqProf.dll' (GetLastError=126)
LogWindows: File 'aqProf.dll' does not exist
LogWindows: Failed to load 'VtuneApi.dll' (GetLastError=126)
LogWindows: File 'VtuneApi.dll' does not exist
LogWindows: Failed to load 'VtuneApi32e.dll' (GetLastError=126)
LogWindows: File 'VtuneApi32e.dll' does not exist
LogConsoleResponse: Display: Failed to find resolution value strings in scalability ini. Falling back to default.
LogInit: Display: Running engine for game: MyProjectV1
LogPlatformFile: Not using cached read wrapper
LogTaskGraph: Started task graph with 5 named threads and 23 total threads with 3 sets of task threads.
LogStats: Stats thread started at 0.098074
LogD3D11RHI: Loaded GFSDK_Aftermath_Lib.x64.dll
LogICUInternationalization: ICU TimeZone Detection - Raw Offset: +2:00, Platform Override: ''
LogPluginManager: Mounting plugin Paper2D
LogPluginManager: Mounting plugin AISupport
LogPluginManager: Mounting plugin LightPropagationVolume
LogPluginManager: Mounting plugin ActorLayerUtilities
LogPluginManager: Mounting plugin AnimationSharing
LogPluginManager: Mounting plugin CLionSourceCodeAccess
LogPluginManager: Mounting plugin CodeLiteSourceCodeAccess
LogPluginManager: Mounting plugin GitSourceControl
LogPluginManager: Mounting plugin KDevelopSourceCodeAccess
LogPluginManager: Mounting plugin NullSourceCodeAccess
LogPluginManager: Mounting plugin PerforceSourceControl
LogPluginManager: Mounting plugin PlasticSourceControl
LogPluginManager: Mounting plugin SubversionSourceControl
LogPluginManager: Mounting plugin UObjectPlugin
LogPluginManager: Mounting plugin VisualStudioCodeSourceCodeAccess
LogPluginManager: Mounting plugin VisualStudioSourceCodeAccess
LogPluginManager: Mounting plugin XCodeSourceCodeAccess
LogPluginManager: Mounting plugin AssetManagerEditor
LogPluginManager: Mounting plugin CryptoKeys
LogPluginManager: Mounting plugin CurveEditorTools
LogPluginManager: Mounting plugin DataValidation
LogPluginManager: Mounting plugin FacialAnimation
LogPluginManager: Mounting plugin GameplayTagsEditor
LogPluginManager: Mounting plugin MacGraphicsSwitching
LogPluginManager: Mounting plugin MaterialAnalyzer
LogPluginManager: Mounting plugin MobileLauncherProfileWizard
LogPluginManager: Mounting plugin PluginBrowser
LogPluginManager: Mounting plugin SpeedTreeImporter
LogPluginManager: Mounting plugin DatasmithContent
LogPluginManager: Mounting plugin VariantManagerContent
LogPluginManager: Mounting plugin AlembicImporter
LogPluginManager: Mounting plugin AutomationUtils
LogPluginManager: Mounting plugin BackChannel
LogPluginManager: Mounting plugin CharacterAI
LogPluginManager: Mounting plugin GeometryCache
LogPluginManager: Mounting plugin PlatformCrypto
LogPluginManager: Mounting plugin ProxyLODPlugin
LogPluginManager: Mounting plugin SkeletalReduction
LogPluginManager: Mounting plugin MagicLeap
LogPluginManager: Mounting plugin MagicLeapMedia
LogPluginManager: Mounting plugin MLSDK
LogPluginManager: Mounting plugin AndroidMedia
LogPluginManager: Mounting plugin AvfMedia
LogPluginManager: Mounting plugin ImgMedia
LogPluginManager: Mounting plugin MediaCompositing
LogPluginManager: Mounting plugin MediaPlayerEditor
LogPluginManager: Mounting plugin WebMMedia
LogPluginManager: Mounting plugin WmfMedia
LogPluginManager: Mounting plugin TcpMessaging
LogPluginManager: Mounting plugin UdpMessaging
LogPluginManager: Mounting plugin ActorSequence
LogPluginManager: Mounting plugin LevelSequenceEditor
LogPluginManager: Mounting plugin MatineeToLevelSequence
LogPluginManager: Mounting plugin NetcodeUnitTest
LogPluginManager: Mounting plugin NUTUnrealEngine4
LogPluginManager: Mounting plugin OnlineSubsystemGooglePlay
LogPluginManager: Mounting plugin OnlineSubsystemIOS
LogPluginManager: Mounting plugin OnlineSubsystem
LogPluginManager: Mounting plugin OnlineSubsystemNull
LogPluginManager: Mounting plugin OnlineSubsystemUtils
LogPluginManager: Mounting plugin LauncherChunkInstaller
LogPluginManager: Mounting plugin AndroidDeviceProfileSelector
LogPluginManager: Mounting plugin AndroidMoviePlayer
LogPluginManager: Mounting plugin AndroidPermission
LogPluginManager: Mounting plugin AppleImageUtils
LogPluginManager: Mounting plugin AppleMoviePlayer
LogPluginManager: Mounting plugin ArchVisCharacter
LogPluginManager: Mounting plugin AssetTags
LogPluginManager: Mounting plugin AudioCapture
LogPluginManager: Mounting plugin CableComponent
LogPluginManager: Mounting plugin CustomMeshComponent
LogPluginManager: Mounting plugin EditableMesh
LogPluginManager: Mounting plugin ExampleDeviceProfileSelector
LogPluginManager: Mounting plugin GoogleCloudMessaging
LogPluginManager: Mounting plugin IOSDeviceProfileSelector
LogPluginManager: Mounting plugin LinuxDeviceProfileSelector
LogPluginManager: Mounting plugin LocationServicesBPLibrary
LogPluginManager: Mounting plugin MobilePatchingUtils
LogPluginManager: Mounting plugin OculusVR
LogPluginManager: Mounting plugin PhysXVehicles
LogPluginManager: Mounting plugin PostSplashScreen
LogPluginManager: Mounting plugin ProceduralMeshComponent
LogPluginManager: Mounting plugin RuntimePhysXCooking
LogPluginManager: Mounting plugin SignificanceManager
LogPluginManager: Mounting plugin SteamVR
LogPluginManager: Mounting plugin WebMMoviePlayer
LogPluginManager: Mounting plugin WindowsMoviePlayer
LogPluginManager: Mounting plugin ScreenshotTools
LogInit: Using libcurl 7.55.1-DEV
LogInit:  - built for x86_64-pc-win32
LogInit:  - supports SSL with OpenSSL/1.1.1
LogInit:  - supports HTTP deflate (compression) using libz 1.2.8
LogInit:  - other features:
LogInit:      CURL_VERSION_SSL
LogInit:      CURL_VERSION_LIBZ
LogInit:      CURL_VERSION_IPV6
LogInit:      CURL_VERSION_ASYNCHDNS
LogInit:      CURL_VERSION_LARGEFILE
LogInit:      CURL_VERSION_IDN
LogInit:  CurlRequestOptions (configurable via config and command line):
LogInit:  - bVerifyPeer = true  - Libcurl will verify peer certificate
LogInit:  - bUseHttpProxy = false  - Libcurl will NOT use HTTP proxy
LogInit:  - bDontReuseConnections = false  - Libcurl will reuse connections
LogInit:  - MaxHostConnections = 16  - Libcurl will limit the number of connections to a host
LogInit:  - LocalHostAddr = Default
LogInit:  - BufferSize = 65536
LogOnline: OSS: Creating online subsystem instance for: NULL
LogInit: WinSock: version 1.1 (2.2), MaxSocks=32767, MaxUdp=65467
LogOnline: OSS: TryLoadSubsystemAndSetDefault: Loaded subsystem for module [NULL]
LogInit: Build: ++UE4+Release-4.24-CL-10757647
LogInit: Engine Version: 4.24.1-10757647+++UE4+Release-4.24
LogInit: Compatible Engine Version: 4.24.0-10570792+++UE4+Release-4.24
LogInit: Net CL: 10570792
LogInit: OS: Windows 10 (Release 1909) (), CPU: Intel(R) Core(TM) i7-6700HQ CPU @ 2.60GHz, GPU: Intel(R) HD Graphics 530
LogInit: Compiled (64-bit): Dec 17 2019 02:08:03
LogInit: Compiled with Visual C++: 19.16.27032.01
LogInit: Build Configuration: Development
LogInit: Branch Name: ++UE4+Release-4.24
LogInit: Command Line: 
LogInit: Base Directory: D:/UE_4.24/Engine/Binaries/Win64/
LogInit: Installed Engine Build: 1
LogDevObjectVersion: Number of dev versions registered: 25
LogDevObjectVersion:   Dev-Blueprints (B0D832E4-1F89-4F0D-ACCF-7EB736FD4AA2): 10
LogDevObjectVersion:   Dev-Build (E1C64328-A22C-4D53-A36C-8E866417BD8C): 0
LogDevObjectVersion:   Dev-Core (375EC13C-06E4-48FB-B500-84F0262A717E): 3
LogDevObjectVersion:   Dev-Editor (E4B068ED-F494-42E9-A231-DA0B2E46BB41): 37
LogDevObjectVersion:   Dev-Framework (CFFC743F-43B0-4480-9391-14DF171D2073): 36
LogDevObjectVersion:   Dev-Mobile (B02B49B5-BB20-44E9-A304-32B752E40360): 2
LogDevObjectVersion:   Dev-Networking (A4E4105C-59A1-49B5-A7C5-40C4547EDFEE): 0
LogDevObjectVersion:   Dev-Online (39C831C9-5AE6-47DC-9A44-9C173E1C8E7C): 0
LogDevObjectVersion:   Dev-Physics (78F01B33-EBEA-4F98-B9B4-84EACCB95AA2): 2
LogDevObjectVersion:   Dev-Platform (6631380F-2D4D-43E0-8009-CF276956A95A): 0
LogDevObjectVersion:   Dev-Rendering (12F88B9F-8875-4AFC-A67C-D90C383ABD29): 36
LogDevObjectVersion:   Dev-Sequencer (7B5AE74C-D270-4C10-A958-57980B212A5A): 11
LogDevObjectVersion:   Dev-VR (D7296918-1DD6-4BDD-9DE2-64A83CC13884): 2
LogDevObjectVersion:   Dev-LoadTimes (C2A15278-BFE7-4AFE-6C17-90FF531DF755): 1
LogDevObjectVersion:   Private-Geometry (6EACA3D4-40EC-4CC1-B786-8BED09428FC5): 3
LogDevObjectVersion:   Dev-AnimPhys (29E575DD-E0A3-4627-9D10-D276232CDCEA): 17
LogDevObjectVersion:   Dev-Anim (AF43A65D-7FD3-4947-9873-3E8ED9C1BB05): 2
LogDevObjectVersion:   Dev-ReflectionCapture (6B266CEC-1EC7-4B8F-A30B-E4D90942FC07): 1
LogDevObjectVersion:   Dev-Automation (0DF73D61-A23F-47EA-B727-89E90C41499A): 1
LogDevObjectVersion:   FortniteMain (601D1886-AC64-4F84-AA16-D3DE0DEAC7D6): 31
LogDevObjectVersion:   Dev-Enterprise (9DFFBCD6-494F-0158-E221-12823C92A888): 8
LogDevObjectVersion:   Dev-Niagara (F2AED0AC-9AFE-416F-8664-AA7FFA26D6FC): 1
LogDevObjectVersion:   Dev-Destruction (174F1F0B-B4C6-45A5-B13F-2EE8D0FB917D): 9
LogDevObjectVersion:   Dev-Physics-Ext (35F94A83-E258-406C-A318-09F59610247C): 8
LogDevObjectVersion:   Dev-CineCamera (B2E18506-4273-CFC2-A54E-F4BB758BBA07): 1
LogInit: Presizing for max 25165824 objects, including 0 objects not considered by GC, pre-allocating 0 bytes for permanent pool.
LogInit: Object subsystem initialized
LogConfig: Setting CVar [[con.DebugEarlyDefault:1]]
LogConfig: Setting CVar [[r.setres:1280x720]]
[2020.04.22-21.33.11:155][  0]LogConfig: Setting CVar [[r.VSync:0]]
[2020.04.22-21.33.11:155][  0]LogConfig: Setting CVar [[r.RHICmdBypass:0]]
[2020.04.22-21.33.11:155][  0]LogConfig: Applying CVar settings from Section [/Script/Engine.RendererSettings] File [C:/Users/Ramazan/Documents/GitHub/MyProjectV1.0/Saved/Config/Windows/Engine.ini]
[2020.04.22-21.33.11:155][  0]LogConfig: Setting CVar [[r.GPUCrashDebugging:0]]
[2020.04.22-21.33.11:155][  0]LogConfig: Applying CVar settings from Section [/Script/Engine.RendererOverrideSettings] File [C:/Users/Ramazan/Documents/GitHub/MyProjectV1.0/Saved/Config/Windows/Engine.ini]
[2020.04.22-21.33.11:155][  0]LogConfig: Applying CVar settings from Section [/Script/Engine.StreamingSettings] File [C:/Users/Ramazan/Documents/GitHub/MyProjectV1.0/Saved/Config/Windows/Engine.ini]
[2020.04.22-21.33.11:155][  0]LogConfig: Setting CVar [[s.MinBulkDataSizeForAsyncLoading:131072]]
[2020.04.22-21.33.11:155][  0]LogConfig: Setting CVar [[s.AsyncLoadingThreadEnabled:0]]
[2020.04.22-21.33.11:155][  0]LogConfig: Setting CVar [[s.EventDrivenLoaderEnabled:1]]
[2020.04.22-21.33.11:155][  0]LogConfig: Setting CVar [[s.WarnIfTimeLimitExceeded:0]]
[2020.04.22-21.33.11:155][  0]LogConfig: Setting CVar [[s.TimeLimitExceededMultiplier:1.5]]
[2020.04.22-21.33.11:155][  0]LogConfig: Setting CVar [[s.TimeLimitExceededMinTime:0.005]]
[2020.04.22-21.33.11:155][  0]LogConfig: Setting CVar [[s.UseBackgroundLevelStreaming:1]]
[2020.04.22-21.33.11:155][  0]LogConfig: Setting CVar [[s.PriorityAsyncLoadingExtraTime:15.0]]
[2020.04.22-21.33.11:155][  0]LogConfig: Setting CVar [[s.LevelStreamingActorsUpdateTimeLimit:5.0]]
[2020.04.22-21.33.11:155][  0]LogConfig: Setting CVar [[s.PriorityLevelStreamingActorsUpdateExtraTime:5.0]]
[2020.04.22-21.33.11:155][  0]LogConfig: Setting CVar [[s.LevelStreamingComponentsRegistrationGranularity:10]]
[2020.04.22-21.33.11:155][  0]LogConfig: Setting CVar [[s.UnregisterComponentsTimeLimit:1.0]]
[2020.04.22-21.33.11:155][  0]LogConfig: Setting CVar [[s.LevelStreamingComponentsUnregistrationGranularity:5]]
[2020.04.22-21.33.11:155][  0]LogConfig: Setting CVar [[s.FlushStreamingOnExit:1]]
[2020.04.22-21.33.11:155][  0]LogConfig: Applying CVar settings from Section [/Script/Engine.GarbageCollectionSettings] File [C:/Users/Ramazan/Documents/GitHub/MyProjectV1.0/Saved/Config/Windows/Engine.ini]
[2020.04.22-21.33.11:155][  0]LogConfig: Setting CVar [[gc.MaxObjectsNotConsideredByGC:1]]
[2020.04.22-21.33.11:155][  0]LogConfig: Setting CVar [[gc.SizeOfPermanentObjectPool:0]]
[2020.04.22-21.33.11:155][  0]LogConfig: Setting CVar [[gc.FlushStreamingOnGC:0]]
[2020.04.22-21.33.11:155][  0]LogConfig: Setting CVar [[gc.NumRetriesBeforeForcingGC:10]]
[2020.04.22-21.33.11:155][  0]LogConfig: Setting CVar [[gc.AllowParallelGC:1]]
[2020.04.22-21.33.11:155][  0]LogConfig: Setting CVar [[gc.TimeBetweenPurgingPendingKillObjects:61.1]]
[2020.04.22-21.33.11:155][  0]LogConfig: Setting CVar [[gc.MaxObjectsInEditor:25165824]]
[2020.04.22-21.33.11:155][  0]LogConfig: Setting CVar [[gc.IncrementalBeginDestroyEnabled:1]]
[2020.04.22-21.33.11:155][  0]LogConfig: Setting CVar [[gc.CreateGCClusters:1]]
[2020.04.22-21.33.11:155][  0]LogConfig: Setting CVar [[gc.MinGCClusterSize:5]]
[2020.04.22-21.33.11:156][  0]LogConfig: Setting CVar [[gc.ActorClusteringEnabled:0]]
[2020.04.22-21.33.11:156][  0]LogConfig: Setting CVar [[gc.BlueprintClusteringEnabled:0]]
[2020.04.22-21.33.11:156][  0]LogConfig: Setting CVar [[gc.UseDisregardForGCOnDedicatedServers:0]]
[2020.04.22-21.33.11:156][  0]LogConfig: Applying CVar settings from Section [/Script/Engine.NetworkSettings] File [C:/Users/Ramazan/Documents/GitHub/MyProjectV1.0/Saved/Config/Windows/Engine.ini]
[2020.04.22-21.33.11:156][  0]LogConfig: Applying CVar settings from Section [/Script/UnrealEd.CookerSettings] File [C:/Users/Ramazan/Documents/GitHub/MyProjectV1.0/Saved/Config/Windows/Engine.ini]
[2020.04.22-21.33.11:162][  0]LogConfig: Applying CVar settings from Section [ViewDistanceQuality@3] File [C:/Users/Ramazan/Documents/GitHub/MyProjectV1.0/Saved/Config/Windows/Scalability.ini]
[2020.04.22-21.33.11:162][  0]LogConfig: Setting CVar [[r.SkeletalMeshLODBias:0]]
[2020.04.22-21.33.11:162][  0]LogConfig: Setting CVar [[r.ViewDistanceScale:1.0]]
[2020.04.22-21.33.11:162][  0]LogConfig: Applying CVar settings from Section [AntiAliasingQuality@3] File [C:/Users/Ramazan/Documents/GitHub/MyProjectV1.0/Saved/Config/Windows/Scalability.ini]
[2020.04.22-21.33.11:162][  0]LogConfig: Setting CVar [[r.PostProcessAAQuality:4]]
[2020.04.22-21.33.11:162][  0]LogConfig: Applying CVar settings from Section [ShadowQuality@3] File [C:/Users/Ramazan/Documents/GitHub/MyProjectV1.0/Saved/Config/Windows/Scalability.ini]
[2020.04.22-21.33.11:162][  0]LogConfig: Setting CVar [[r.LightFunctionQuality:1]]
[2020.04.22-21.33.11:162][  0]LogConfig: Setting CVar [[r.ShadowQuality:5]]
[2020.04.22-21.33.11:162][  0]LogConfig: Setting CVar [[r.Shadow.CSM.MaxCascades:10]]
[2020.04.22-21.33.11:162][  0]LogConfig: Setting CVar [[r.Shadow.MaxResolution:2048]]
[2020.04.22-21.33.11:162][  0]LogConfig: Setting CVar [[r.Shadow.MaxCSMResolution:2048]]
[2020.04.22-21.33.11:162][  0]LogConfig: Setting CVar [[r.Shadow.RadiusThreshold:0.01]]
[2020.04.22-21.33.11:162][  0]LogConfig: Setting CVar [[r.Shadow.DistanceScale:1.0]]
[2020.04.22-21.33.11:162][  0]LogConfig: Setting CVar [[r.Shadow.CSM.TransitionScale:1.0]]
[2020.04.22-21.33.11:162][  0]LogConfig: Setting CVar [[r.Shadow.PreShadowResolutionFactor:1.0]]
[2020.04.22-21.33.11:162][  0]LogConfig: Setting CVar [[r.DistanceFieldShadowing:1]]
[2020.04.22-21.33.11:162][  0]LogConfig: Setting CVar [[r.DistanceFieldAO:1]]
[2020.04.22-21.33.11:162][  0]LogConfig: Setting CVar [[r.AOQuality:2]]
[2020.04.22-21.33.11:162][  0]LogConfig: Setting CVar [[r.VolumetricFog:1]]
[2020.04.22-21.33.11:162][  0]LogConfig: Setting CVar [[r.VolumetricFog.GridPixelSize:8]]
[2020.04.22-21.33.11:162][  0]LogConfig: Setting CVar [[r.VolumetricFog.GridSizeZ:128]]
[2020.04.22-21.33.11:162][  0]LogConfig: Setting CVar [[r.VolumetricFog.HistoryMissSupersampleCount:4]]
[2020.04.22-21.33.11:163][  0]LogConfig: Setting CVar [[r.LightMaxDrawDistanceScale:1]]
[2020.04.22-21.33.11:163][  0]LogConfig: Setting CVar [[r.CapsuleShadows:1]]
[2020.04.22-21.33.11:163][  0]LogConfig: Applying CVar settings from Section [PostProcessQuality@3] File [C:/Users/Ramazan/Documents/GitHub/MyProjectV1.0/Saved/Config/Windows/Scalability.ini]
[2020.04.22-21.33.11:163][  0]LogConfig: Setting CVar [[r.MotionBlurQuality:4]]
[2020.04.22-21.33.11:163][  0]LogConfig: Setting CVar [[r.AmbientOcclusionMipLevelFactor:0.4]]
[2020.04.22-21.33.11:163][  0]LogConfig: Setting CVar [[r.AmbientOcclusionMaxQuality:100]]
[2020.04.22-21.33.11:163][  0]LogConfig: Setting CVar [[r.AmbientOcclusionLevels:-1]]
[2020.04.22-21.33.11:163][  0]LogConfig: Setting CVar [[r.AmbientOcclusionRadiusScale:1.0]]
[2020.04.22-21.33.11:163][  0]LogConfig: Setting CVar [[r.DepthOfFieldQuality:2]]
[2020.04.22-21.33.11:163][  0]LogConfig: Setting CVar [[r.RenderTargetPoolMin:400]]
[2020.04.22-21.33.11:163][  0]LogConfig: Setting CVar [[r.LensFlareQuality:2]]
[2020.04.22-21.33.11:163][  0]LogConfig: Setting CVar [[r.SceneColorFringeQuality:1]]
[2020.04.22-21.33.11:163][  0]LogConfig: Setting CVar [[r.EyeAdaptationQuality:2]]
[2020.04.22-21.33.11:163][  0]LogConfig: Setting CVar [[r.BloomQuality:5]]
[2020.04.22-21.33.11:163][  0]LogConfig: Setting CVar [[r.FastBlurThreshold:100]]
[2020.04.22-21.33.11:163][  0]LogConfig: Setting CVar [[r.Upscale.Quality:3]]
[2020.04.22-21.33.11:163][  0]LogConfig: Setting CVar [[r.Tonemapper.GrainQuantization:1]]
[2020.04.22-21.33.11:163][  0]LogConfig: Setting CVar [[r.LightShaftQuality:1]]
[2020.04.22-21.33.11:163][  0]LogConfig: Setting CVar [[r.Filter.SizeScale:1]]
[2020.04.22-21.33.11:163][  0]LogConfig: Setting CVar [[r.Tonemapper.Quality:5]]
[2020.04.22-21.33.11:163][  0]LogConfig: Setting CVar [[r.DOF.Gather.AccumulatorQuality:1        ; higher gathering accumulator quality]]
[2020.04.22-21.33.11:163][  0]LogConfig: Setting CVar [[r.DOF.Gather.PostfilterMethod:1          ; Median3x3 postfilering method]]
[2020.04.22-21.33.11:163][  0]LogConfig: Setting CVar [[r.DOF.Gather.EnableBokehSettings:0       ; no bokeh simulation when gathering]]
[2020.04.22-21.33.11:163][  0]LogConfig: Setting CVar [[r.DOF.Gather.RingCount:4                 ; medium number of samples when gathering]]
[2020.04.22-21.33.11:163][  0]LogConfig: Setting CVar [[r.DOF.Scatter.ForegroundCompositing:1    ; additive foreground scattering]]
[2020.04.22-21.33.11:163][  0]LogConfig: Setting CVar [[r.DOF.Scatter.BackgroundCompositing:2    ; additive background scattering]]
[2020.04.22-21.33.11:163][  0]LogConfig: Setting CVar [[r.DOF.Scatter.EnableBokehSettings:1      ; bokeh simulation when scattering]]
[2020.04.22-21.33.11:163][  0]LogConfig: Setting CVar [[r.DOF.Scatter.MaxSpriteRatio:0.1         ; only a maximum of 10% of scattered bokeh]]
[2020.04.22-21.33.11:163][  0]LogConfig: Setting CVar [[r.DOF.Recombine.Quality:1                ; cheap slight out of focus]]
[2020.04.22-21.33.11:163][  0]LogConfig: Setting CVar [[r.DOF.Recombine.EnableBokehSettings:0    ; no bokeh simulation on slight out of focus]]
[2020.04.22-21.33.11:163][  0]LogConfig: Setting CVar [[r.DOF.TemporalAAQuality:1                ; more stable temporal accumulation]]
[2020.04.22-21.33.11:163][  0]LogConfig: Setting CVar [[r.DOF.Kernel.MaxForegroundRadius:0.025]]
[2020.04.22-21.33.11:163][  0]LogConfig: Setting CVar [[r.DOF.Kernel.MaxBackgroundRadius:0.025]]
[2020.04.22-21.33.11:163][  0]LogConfig: Applying CVar settings from Section [TextureQuality@3] File [C:/Users/Ramazan/Documents/GitHub/MyProjectV1.0/Saved/Config/Windows/Scalability.ini]
[2020.04.22-21.33.11:163][  0]LogConfig: Setting CVar [[r.Streaming.MipBias:0]]
[2020.04.22-21.33.11:163][  0]LogConfig: Setting CVar [[r.Streaming.AmortizeCPUToGPUCopy:0]]
[2020.04.22-21.33.11:163][  0]LogConfig: Setting CVar [[r.Streaming.MaxNumTexturesToStreamPerFrame:0]]
[2020.04.22-21.33.11:163][  0]LogConfig: Setting CVar [[r.Streaming.Boost:1]]
[2020.04.22-21.33.11:163][  0]LogConfig: Setting CVar [[r.MaxAnisotropy:8]]
[2020.04.22-21.33.11:163][  0]LogConfig: Setting CVar [[r.VT.MaxAnisotropy:8]]
[2020.04.22-21.33.11:163][  0]LogConfig: Setting CVar [[r.Streaming.LimitPoolSizeToVRAM:0]]
[2020.04.22-21.33.11:163][  0]LogConfig: Setting CVar [[r.Streaming.PoolSize:1000]]
[2020.04.22-21.33.11:163][  0]LogConfig: Setting CVar [[r.Streaming.MaxEffectiveScreenSize:0]]
[2020.04.22-21.33.11:163][  0]LogConfig: Applying CVar settings from Section [EffectsQuality@3] File [C:/Users/Ramazan/Documents/GitHub/MyProjectV1.0/Saved/Config/Windows/Scalability.ini]
[2020.04.22-21.33.11:163][  0]LogConfig: Setting CVar [[r.TranslucencyLightingVolumeDim:64]]
[2020.04.22-21.33.11:163][  0]LogConfig: Setting CVar [[r.RefractionQuality:2]]
[2020.04.22-21.33.11:163][  0]LogConfig: Setting CVar [[r.SSR.Quality:3]]
[2020.04.22-21.33.11:163][  0]LogConfig: Setting CVar [[r.SSR.HalfResSceneColor:0]]
[2020.04.22-21.33.11:163][  0]LogConfig: Setting CVar [[r.SceneColorFormat:4]]
[2020.04.22-21.33.11:163][  0]LogConfig: Setting CVar [[r.DetailMode:2]]
[2020.04.22-21.33.11:163][  0]LogConfig: Setting CVar [[r.TranslucencyVolumeBlur:1]]
[2020.04.22-21.33.11:163][  0]LogConfig: Setting CVar [[r.MaterialQualityLevel:1 ; High quality]]
[2020.04.22-21.33.11:163][  0]LogConfig: Setting CVar [[r.SSS.Scale:1]]
[2020.04.22-21.33.11:163][  0]LogConfig: Setting CVar [[r.SSS.SampleSet:2]]
[2020.04.22-21.33.11:163][  0]LogConfig: Setting CVar [[r.SSS.Quality:1]]
[2020.04.22-21.33.11:163][  0]LogConfig: Setting CVar [[r.SSS.HalfRes:1]]
[2020.04.22-21.33.11:163][  0]LogConfig: Setting CVar [[r.SSGI.Quality:3]]
[2020.04.22-21.33.11:163][  0]LogConfig: Setting CVar [[r.EmitterSpawnRateScale:1.0]]
[2020.04.22-21.33.11:163][  0]LogConfig: Setting CVar [[r.ParticleLightQuality:2]]
[2020.04.22-21.33.11:163][  0]LogConfig: Setting CVar [[r.SkyAtmosphere.AerialPerspectiveLUT.FastApplyOnOpaque:1 ; Always have FastSkyLUT 1 in this case to avoid wrong sky]]
[2020.04.22-21.33.11:163][  0]LogConfig: Setting CVar [[r.SkyAtmosphere.AerialPerspectiveLUT.SampleCountPerSlice:1]]
[2020.04.22-21.33.11:163][  0]LogConfig: Setting CVar [[r.SkyAtmosphere.AerialPerspectiveLUT.DepthResolution:16.0]]
[2020.04.22-21.33.11:163][  0]LogConfig: Setting CVar [[r.SkyAtmosphere.FastSkyLUT:1]]
[2020.04.22-21.33.11:163][  0]LogConfig: Setting CVar [[r.SkyAtmosphere.FastSkyLUT.SampleCountMin:4.0]]
[2020.04.22-21.33.11:163][  0]LogConfig: Setting CVar [[r.SkyAtmosphere.FastSkyLUT.SampleCountMax:32.0]]
[2020.04.22-21.33.11:163][  0]LogConfig: Setting CVar [[r.SkyAtmosphere.SampleCountMin:4.0]]
[2020.04.22-21.33.11:164][  0]LogConfig: Setting CVar [[r.SkyAtmosphere.SampleCountMax:32.0]]
[2020.04.22-21.33.11:164][  0]LogConfig: Setting CVar [[r.SkyAtmosphere.TransmittanceLUT.UseSmallFormat:0]]
[2020.04.22-21.33.11:164][  0]LogConfig: Setting CVar [[r.SkyAtmosphere.TransmittanceLUT.SampleCount:10.0]]
[2020.04.22-21.33.11:164][  0]LogConfig: Setting CVar [[r.SkyAtmosphere.MultiScatteringLUT.SampleCount:15.0]]
[2020.04.22-21.33.11:164][  0]LogConfig: Applying CVar settings from Section [FoliageQuality@3] File [C:/Users/Ramazan/Documents/GitHub/MyProjectV1.0/Saved/Config/Windows/Scalability.ini]
[2020.04.22-21.33.11:164][  0]LogConfig: Setting CVar [[foliage.DensityScale:1.0]]
[2020.04.22-21.33.11:164][  0]LogConfig: Setting CVar [[grass.DensityScale:1.0]]
[2020.04.22-21.33.11:164][  0]LogConfig: Applying CVar settings from Section [ShadingQuality@3] File [C:/Users/Ramazan/Documents/GitHub/MyProjectV1.0/Saved/Config/Windows/Scalability.ini]
[2020.04.22-21.33.11:164][  0]LogConfig: Setting CVar [[r.HairStrands.SkyLighting.SampleCount:16]]
[2020.04.22-21.33.11:164][  0]LogConfig: Setting CVar [[r.HairStrands.SkyLighting.JitterIntegration:0]]
[2020.04.22-21.33.11:164][  0]LogConfig: Setting CVar [[r.HairStrands.SkyAO.SampleCount:16]]
[2020.04.22-21.33.11:164][  0]LogInit: Selected Device Profile: [Windows]
[2020.04.22-21.33.11:164][  0]LogInit: Applying CVar settings loaded from the selected device profile: [Windows]
[2020.04.22-21.33.11:166][  0]LogHAL: Display: Platform has ~ 16 GB [16566976512 / 17179869184 / 16], which maps to Larger [LargestMinGB=32, LargerMinGB=12, DefaultMinGB=8, SmallerMinGB=6, SmallestMinGB=0)
[2020.04.22-21.33.11:167][  0]LogInit: Going up to parent DeviceProfile []
[2020.04.22-21.33.11:167][  0]LogConfig: Applying CVar settings from Section [ViewDistanceQuality@3] File [C:/Users/Ramazan/Documents/GitHub/MyProjectV1.0/Saved/Config/Windows/Scalability.ini]
[2020.04.22-21.33.11:167][  0]LogConfig: Setting CVar [[r.SkeletalMeshLODBias:0]]
[2020.04.22-21.33.11:167][  0]LogConfig: Setting CVar [[r.ViewDistanceScale:1.0]]
[2020.04.22-21.33.11:167][  0]LogConfig: Applying CVar settings from Section [AntiAliasingQuality@3] File [C:/Users/Ramazan/Documents/GitHub/MyProjectV1.0/Saved/Config/Windows/Scalability.ini]
[2020.04.22-21.33.11:167][  0]LogConfig: Setting CVar [[r.PostProcessAAQuality:4]]
[2020.04.22-21.33.11:167][  0]LogConfig: Applying CVar settings from Section [ShadowQuality@3] File [C:/Users/Ramazan/Documents/GitHub/MyProjectV1.0/Saved/Config/Windows/Scalability.ini]
[2020.04.22-21.33.11:167][  0]LogConfig: Setting CVar [[r.LightFunctionQuality:1]]
[2020.04.22-21.33.11:167][  0]LogConfig: Setting CVar [[r.ShadowQuality:5]]
[2020.04.22-21.33.11:167][  0]LogConfig: Setting CVar [[r.Shadow.CSM.MaxCascades:10]]
[2020.04.22-21.33.11:167][  0]LogConfig: Setting CVar [[r.Shadow.MaxResolution:2048]]
[2020.04.22-21.33.11:167][  0]LogConfig: Setting CVar [[r.Shadow.MaxCSMResolution:2048]]
[2020.04.22-21.33.11:167][  0]LogConfig: Setting CVar [[r.Shadow.RadiusThreshold:0.01]]
[2020.04.22-21.33.11:167][  0]LogConfig: Setting CVar [[r.Shadow.DistanceScale:1.0]]
[2020.04.22-21.33.11:167][  0]LogConfig: Setting CVar [[r.Shadow.CSM.TransitionScale:1.0]]
[2020.04.22-21.33.11:167][  0]LogConfig: Setting CVar [[r.Shadow.PreShadowResolutionFactor:1.0]]
[2020.04.22-21.33.11:167][  0]LogConfig: Setting CVar [[r.DistanceFieldShadowing:1]]
[2020.04.22-21.33.11:167][  0]LogConfig: Setting CVar [[r.DistanceFieldAO:1]]
[2020.04.22-21.33.11:167][  0]LogConfig: Setting CVar [[r.AOQuality:2]]
[2020.04.22-21.33.11:167][  0]LogConfig: Setting CVar [[r.VolumetricFog:1]]
[2020.04.22-21.33.11:167][  0]LogConfig: Setting CVar [[r.VolumetricFog.GridPixelSize:8]]
[2020.04.22-21.33.11:167][  0]LogConfig: Setting CVar [[r.VolumetricFog.GridSizeZ:128]]
[2020.04.22-21.33.11:167][  0]LogConfig: Setting CVar [[r.VolumetricFog.HistoryMissSupersampleCount:4]]
[2020.04.22-21.33.11:167][  0]LogConfig: Setting CVar [[r.LightMaxDrawDistanceScale:1]]
[2020.04.22-21.33.11:167][  0]LogConfig: Setting CVar [[r.CapsuleShadows:1]]
[2020.04.22-21.33.11:167][  0]LogConfig: Applying CVar settings from Section [PostProcessQuality@3] File [C:/Users/Ramazan/Documents/GitHub/MyProjectV1.0/Saved/Config/Windows/Scalability.ini]
[2020.04.22-21.33.11:167][  0]LogConfig: Setting CVar [[r.MotionBlurQuality:4]]
[2020.04.22-21.33.11:167][  0]LogConfig: Setting CVar [[r.AmbientOcclusionMipLevelFactor:0.4]]
[2020.04.22-21.33.11:167][  0]LogConfig: Setting CVar [[r.AmbientOcclusionMaxQuality:100]]
[2020.04.22-21.33.11:167][  0]LogConfig: Setting CVar [[r.AmbientOcclusionLevels:-1]]
[2020.04.22-21.33.11:167][  0]LogConfig: Setting CVar [[r.AmbientOcclusionRadiusScale:1.0]]
[2020.04.22-21.33.11:167][  0]LogConfig: Setting CVar [[r.DepthOfFieldQuality:2]]
[2020.04.22-21.33.11:167][  0]LogConfig: Setting CVar [[r.RenderTargetPoolMin:400]]
[2020.04.22-21.33.11:167][  0]LogConfig: Setting CVar [[r.LensFlareQuality:2]]
[2020.04.22-21.33.11:167][  0]LogConfig: Setting CVar [[r.SceneColorFringeQuality:1]]
[2020.04.22-21.33.11:167][  0]LogConfig: Setting CVar [[r.EyeAdaptationQuality:2]]
[2020.04.22-21.33.11:167][  0]LogConfig: Setting CVar [[r.BloomQuality:5]]
[2020.04.22-21.33.11:167][  0]LogConfig: Setting CVar [[r.FastBlurThreshold:100]]
[2020.04.22-21.33.11:167][  0]LogConfig: Setting CVar [[r.Upscale.Quality:3]]
[2020.04.22-21.33.11:167][  0]LogConfig: Setting CVar [[r.Tonemapper.GrainQuantization:1]]
[2020.04.22-21.33.11:167][  0]LogConfig: Setting CVar [[r.LightShaftQuality:1]]
[2020.04.22-21.33.11:167][  0]LogConfig: Setting CVar [[r.Filter.SizeScale:1]]
[2020.04.22-21.33.11:167][  0]LogConfig: Setting CVar [[r.Tonemapper.Quality:5]]
[2020.04.22-21.33.11:167][  0]LogConfig: Setting CVar [[r.DOF.Gather.AccumulatorQuality:1        ; higher gathering accumulator quality]]
[2020.04.22-21.33.11:167][  0]LogConfig: Setting CVar [[r.DOF.Gather.PostfilterMethod:1          ; Median3x3 postfilering method]]
[2020.04.22-21.33.11:167][  0]LogConfig: Setting CVar [[r.DOF.Gather.EnableBokehSettings:0       ; no bokeh simulation when gathering]]
[2020.04.22-21.33.11:167][  0]LogConfig: Setting CVar [[r.DOF.Gather.RingCount:4                 ; medium number of samples when gathering]]
[2020.04.22-21.33.11:167][  0]LogConfig: Setting CVar [[r.DOF.Scatter.ForegroundCompositing:1    ; additive foreground scattering]]
[2020.04.22-21.33.11:167][  0]LogConfig: Setting CVar [[r.DOF.Scatter.BackgroundCompositing:2    ; additive background scattering]]
[2020.04.22-21.33.11:168][  0]LogConfig: Setting CVar [[r.DOF.Scatter.EnableBokehSettings:1      ; bokeh simulation when scattering]]
[2020.04.22-21.33.11:168][  0]LogConfig: Setting CVar [[r.DOF.Scatter.MaxSpriteRatio:0.1         ; only a maximum of 10% of scattered bokeh]]
[2020.04.22-21.33.11:168][  0]LogConfig: Setting CVar [[r.DOF.Recombine.Quality:1                ; cheap slight out of focus]]
[2020.04.22-21.33.11:168][  0]LogConfig: Setting CVar [[r.DOF.Recombine.EnableBokehSettings:0    ; no bokeh simulation on slight out of focus]]
[2020.04.22-21.33.11:168][  0]LogConfig: Setting CVar [[r.DOF.TemporalAAQuality:1                ; more stable temporal accumulation]]
[2020.04.22-21.33.11:168][  0]LogConfig: Setting CVar [[r.DOF.Kernel.MaxForegroundRadius:0.025]]
[2020.04.22-21.33.11:168][  0]LogConfig: Setting CVar [[r.DOF.Kernel.MaxBackgroundRadius:0.025]]
[2020.04.22-21.33.11:168][  0]LogConfig: Applying CVar settings from Section [TextureQuality@3] File [C:/Users/Ramazan/Documents/GitHub/MyProjectV1.0/Saved/Config/Windows/Scalability.ini]
[2020.04.22-21.33.11:168][  0]LogConfig: Setting CVar [[r.Streaming.MipBias:0]]
[2020.04.22-21.33.11:168][  0]LogConfig: Setting CVar [[r.Streaming.AmortizeCPUToGPUCopy:0]]
[2020.04.22-21.33.11:168][  0]LogConfig: Setting CVar [[r.Streaming.MaxNumTexturesToStreamPerFrame:0]]
[2020.04.22-21.33.11:168][  0]LogConfig: Setting CVar [[r.Streaming.Boost:1]]
[2020.04.22-21.33.11:168][  0]LogConfig: Setting CVar [[r.MaxAnisotropy:8]]
[2020.04.22-21.33.11:168][  0]LogConfig: Setting CVar [[r.VT.MaxAnisotropy:8]]
[2020.04.22-21.33.11:168][  0]LogConfig: Setting CVar [[r.Streaming.LimitPoolSizeToVRAM:0]]
[2020.04.22-21.33.11:168][  0]LogConfig: Setting CVar [[r.Streaming.PoolSize:1000]]
[2020.04.22-21.33.11:168][  0]LogConfig: Setting CVar [[r.Streaming.MaxEffectiveScreenSize:0]]
[2020.04.22-21.33.11:168][  0]LogConfig: Applying CVar settings from Section [EffectsQuality@3] File [C:/Users/Ramazan/Documents/GitHub/MyProjectV1.0/Saved/Config/Windows/Scalability.ini]
[2020.04.22-21.33.11:168][  0]LogConfig: Setting CVar [[r.TranslucencyLightingVolumeDim:64]]
[2020.04.22-21.33.11:168][  0]LogConfig: Setting CVar [[r.RefractionQuality:2]]
[2020.04.22-21.33.11:168][  0]LogConfig: Setting CVar [[r.SSR.Quality:3]]
[2020.04.22-21.33.11:168][  0]LogConfig: Setting CVar [[r.SSR.HalfResSceneColor:0]]
[2020.04.22-21.33.11:168][  0]LogConfig: Setting CVar [[r.SceneColorFormat:4]]
[2020.04.22-21.33.11:168][  0]LogConfig: Setting CVar [[r.DetailMode:2]]
[2020.04.22-21.33.11:168][  0]LogConfig: Setting CVar [[r.TranslucencyVolumeBlur:1]]
[2020.04.22-21.33.11:168][  0]LogConfig: Setting CVar [[r.MaterialQualityLevel:1 ; High quality]]
[2020.04.22-21.33.11:168][  0]LogConfig: Setting CVar [[r.SSS.Scale:1]]
[2020.04.22-21.33.11:168][  0]LogConfig: Setting CVar [[r.SSS.SampleSet:2]]
[2020.04.22-21.33.11:168][  0]LogConfig: Setting CVar [[r.SSS.Quality:1]]
[2020.04.22-21.33.11:168][  0]LogConfig: Setting CVar [[r.SSS.HalfRes:1]]
[2020.04.22-21.33.11:168][  0]LogConfig: Setting CVar [[r.SSGI.Quality:3]]
[2020.04.22-21.33.11:168][  0]LogConfig: Setting CVar [[r.EmitterSpawnRateScale:1.0]]
[2020.04.22-21.33.11:168][  0]LogConfig: Setting CVar [[r.ParticleLightQuality:2]]
[2020.04.22-21.33.11:168][  0]LogConfig: Setting CVar [[r.SkyAtmosphere.AerialPerspectiveLUT.FastApplyOnOpaque:1 ; Always have FastSkyLUT 1 in this case to avoid wrong sky]]
[2020.04.22-21.33.11:168][  0]LogConfig: Setting CVar [[r.SkyAtmosphere.AerialPerspectiveLUT.SampleCountPerSlice:1]]
[2020.04.22-21.33.11:168][  0]LogConfig: Setting CVar [[r.SkyAtmosphere.AerialPerspectiveLUT.DepthResolution:16.0]]
[2020.04.22-21.33.11:168][  0]LogConfig: Setting CVar [[r.SkyAtmosphere.FastSkyLUT:1]]
[2020.04.22-21.33.11:168][  0]LogConfig: Setting CVar [[r.SkyAtmosphere.FastSkyLUT.SampleCountMin:4.0]]
[2020.04.22-21.33.11:168][  0]LogConfig: Setting CVar [[r.SkyAtmosphere.FastSkyLUT.SampleCountMax:32.0]]
[2020.04.22-21.33.11:168][  0]LogConfig: Setting CVar [[r.SkyAtmosphere.SampleCountMin:4.0]]
[2020.04.22-21.33.11:168][  0]LogConfig: Setting CVar [[r.SkyAtmosphere.SampleCountMax:32.0]]
[2020.04.22-21.33.11:168][  0]LogConfig: Setting CVar [[r.SkyAtmosphere.TransmittanceLUT.UseSmallFormat:0]]
[2020.04.22-21.33.11:168][  0]LogConfig: Setting CVar [[r.SkyAtmosphere.TransmittanceLUT.SampleCount:10.0]]
[2020.04.22-21.33.11:168][  0]LogConfig: Setting CVar [[r.SkyAtmosphere.MultiScatteringLUT.SampleCount:15.0]]
[2020.04.22-21.33.11:168][  0]LogConfig: Applying CVar settings from Section [FoliageQuality@3] File [C:/Users/Ramazan/Documents/GitHub/MyProjectV1.0/Saved/Config/Windows/Scalability.ini]
[2020.04.22-21.33.11:168][  0]LogConfig: Setting CVar [[foliage.DensityScale:1.0]]
[2020.04.22-21.33.11:168][  0]LogConfig: Setting CVar [[grass.DensityScale:1.0]]
[2020.04.22-21.33.11:168][  0]LogConfig: Applying CVar settings from Section [ShadingQuality@3] File [C:/Users/Ramazan/Documents/GitHub/MyProjectV1.0/Saved/Config/Windows/Scalability.ini]
[2020.04.22-21.33.11:168][  0]LogConfig: Setting CVar [[r.HairStrands.SkyLighting.SampleCount:16]]
[2020.04.22-21.33.11:168][  0]LogConfig: Setting CVar [[r.HairStrands.SkyLighting.JitterIntegration:0]]
[2020.04.22-21.33.11:168][  0]LogConfig: Setting CVar [[r.HairStrands.SkyAO.SampleCount:16]]
[2020.04.22-21.33.11:168][  0]LogConfig: Applying CVar settings from Section [Startup] File [../../../Engine/Config/ConsoleVariables.ini]
[2020.04.22-21.33.11:169][  0]LogConfig: Setting CVar [[net.UseAdaptiveNetUpdateFrequency:0]]
[2020.04.22-21.33.11:169][  0]LogConfig: Setting CVar [[p.chaos.AllowCreatePhysxBodies:1]]
[2020.04.22-21.33.11:169][  0]LogConfig: Applying CVar settings from Section [ConsoleVariables] File [C:/Users/Ramazan/Documents/GitHub/MyProjectV1.0/Saved/Config/Windows/Engine.ini]
[2020.04.22-21.33.11:169][  0]LogInit: Computer: DESKTOP-K8HCR4P
[2020.04.22-21.33.11:169][  0]LogInit: User: Ramazan
[2020.04.22-21.33.11:169][  0]LogInit: CPU Page size=4096, Cores=4
[2020.04.22-21.33.11:169][  0]LogInit: High frequency timer resolution =10.000000 MHz
[2020.04.22-21.33.11:169][  0]LogMemory: Memory total: Physical=15.4GB (16GB approx)
[2020.04.22-21.33.11:169][  0]LogMemory: Platform Memory Stats for Windows
[2020.04.22-21.33.11:169][  0]LogMemory: Process Physical Memory: 104.73 MB used, 104.74 MB peak
[2020.04.22-21.33.11:169][  0]LogMemory: Process Virtual Memory: 100.52 MB used, 100.52 MB peak
[2020.04.22-21.33.11:169][  0]LogMemory: Physical Memory: 6537.94 MB used,  9261.56 MB free, 15799.50 MB total
[2020.04.22-21.33.11:169][  0]LogMemory: Virtual Memory: 5137.55 MB used,  134212592.00 MB free, 134217728.00 MB total
[2020.04.22-21.33.11:172][  0]LogWindows: WindowsPlatformFeatures enabled
[2020.04.22-21.33.11:186][  0]LogInit: Using OS detected language (tr-TR).
[2020.04.22-21.33.11:186][  0]LogInit: Using OS detected locale (tr-TR).
[2020.04.22-21.33.11:187][  0]LogTextLocalizationManager: No localization for 'tr-TR' exists, so 'en' will be used for the language.
[2020.04.22-21.33.11:393][  0]LogInit: Setting process to per monitor DPI aware
[2020.04.22-21.33.11:454][  0]LogSlate: New Slate User Created.  User Index 0, Is Virtual User: 0
[2020.04.22-21.33.11:454][  0]LogSlate: Slate User Registered.  User Index 0, Is Virtual User: 0
[2020.04.22-21.33.11:656][  0]LogHMD: Failed to initialize OpenVR with code 110
[2020.04.22-21.33.11:656][  0]LogD3D11RHI: D3D11 min allowed feature level: 11_0
[2020.04.22-21.33.11:656][  0]LogD3D11RHI: D3D11 max allowed feature level: 11_0
[2020.04.22-21.33.11:656][  0]LogD3D11RHI: D3D11 adapters:
[2020.04.22-21.33.11:721][  0]LogD3D11RHI:    0. 'NVIDIA GeForce GTX 960M' (Feature Level 11_0)
[2020.04.22-21.33.11:721][  0]LogD3D11RHI:       4055/0/7899 MB DedicatedVideo/DedicatedSystem/SharedSystem, Outputs:2, VendorId:0x10de
[2020.04.22-21.33.11:738][  0]LogD3D11RHI:    1. 'Intel(R) HD Graphics 530' (Feature Level 11_0)
[2020.04.22-21.33.11:738][  0]LogD3D11RHI:       128/0/7899 MB DedicatedVideo/DedicatedSystem/SharedSystem, Outputs:0, VendorId:0x8086
[2020.04.22-21.33.11:742][  0]LogD3D11RHI:    2. 'Microsoft Basic Render Driver' (Feature Level 11_0)
[2020.04.22-21.33.11:742][  0]LogD3D11RHI:       0/0/7899 MB DedicatedVideo/DedicatedSystem/SharedSystem, Outputs:0, VendorId:0x1414
[2020.04.22-21.33.11:742][  0]LogD3D11RHI: Chosen D3D11 Adapter: 0
[2020.04.22-21.33.11:791][  0]LogD3D11RHI: Creating new Direct3DDevice
[2020.04.22-21.33.11:791][  0]LogD3D11RHI:     GPU DeviceId: 0x139b (for the marketing name, search the web for "GPU Device Id")
[2020.04.22-21.33.11:791][  0]LogWindows: EnumDisplayDevices:
[2020.04.22-21.33.11:791][  0]LogWindows:    0. 'Intel(R) HD Graphics 530' (P:1 D:1)
[2020.04.22-21.33.11:792][  0]LogWindows:    1. 'Intel(R) HD Graphics 530' (P:0 D:1)
[2020.04.22-21.33.11:792][  0]LogWindows:    2. 'Intel(R) HD Graphics 530' (P:0 D:0)
[2020.04.22-21.33.11:792][  0]LogWindows: DebugString: PrimaryIsNotTheChoosenAdapter PrimaryIsNotTheChoosenAdapter PrimaryIsNotTheChoosenAdapter FoundDriverCount:0 
[2020.04.22-21.33.11:792][  0]LogD3D11RHI:     Adapter Name: NVIDIA GeForce GTX 960M
[2020.04.22-21.33.11:792][  0]LogD3D11RHI:   Driver Version: Unknown (internal:Unknown, unified:Unknown)
[2020.04.22-21.33.11:792][  0]LogD3D11RHI:      Driver Date: Unknown
[2020.04.22-21.33.11:792][  0]LogRHI: Texture pool is 2839 MB (70% of 4055 MB)
[2020.04.22-21.33.11:833][  0]LogD3D11RHI: RHI has support for 64 bit atomics
[2020.04.22-21.33.11:833][  0]LogD3D11RHI: Async texture creation enabled
[2020.04.22-21.33.11:851][  0]LogD3D11RHI: GPU Timing Frequency: 1000.000000 (Debug: 2 2)
[2020.04.22-21.33.12:232][  0]LogTargetPlatformManager: Display: Loaded TargetPlatform 'AllDesktop'
[2020.04.22-21.33.12:275][  0]LogTargetPlatformManager: Display: Loaded TargetPlatform 'Android'
[2020.04.22-21.33.12:275][  0]LogTargetPlatformManager: Display: Loaded TargetPlatform 'Android_ASTC'
[2020.04.22-21.33.12:275][  0]LogTargetPlatformManager: Display: Loaded TargetPlatform 'Android_ATC'
[2020.04.22-21.33.12:275][  0]LogTargetPlatformManager: Display: Loaded TargetPlatform 'Android_DXT'
[2020.04.22-21.33.12:275][  0]LogTargetPlatformManager: Display: Loaded TargetPlatform 'Android_ETC1'
[2020.04.22-21.33.12:275][  0]LogTargetPlatformManager: Display: Loaded TargetPlatform 'Android_ETC1a'
[2020.04.22-21.33.12:275][  0]LogTargetPlatformManager: Display: Loaded TargetPlatform 'Android_ETC2'
[2020.04.22-21.33.12:275][  0]LogTargetPlatformManager: Display: Loaded TargetPlatform 'Android_PVRTC'
[2020.04.22-21.33.12:275][  0]LogTargetPlatformManager: Display: Loaded TargetPlatform 'AndroidClient'
[2020.04.22-21.33.12:275][  0]LogTargetPlatformManager: Display: Loaded TargetPlatform 'Android_ASTCClient'
[2020.04.22-21.33.12:275][  0]LogTargetPlatformManager: Display: Loaded TargetPlatform 'Android_ATCClient'
[2020.04.22-21.33.12:275][  0]LogTargetPlatformManager: Display: Loaded TargetPlatform 'Android_DXTClient'
[2020.04.22-21.33.12:275][  0]LogTargetPlatformManager: Display: Loaded TargetPlatform 'Android_ETC1Client'
[2020.04.22-21.33.12:275][  0]LogTargetPlatformManager: Display: Loaded TargetPlatform 'Android_ETC1aClient'
[2020.04.22-21.33.12:275][  0]LogTargetPlatformManager: Display: Loaded TargetPlatform 'Android_ETC2Client'
[2020.04.22-21.33.12:275][  0]LogTargetPlatformManager: Display: Loaded TargetPlatform 'Android_PVRTCClient'
[2020.04.22-21.33.12:275][  0]LogTargetPlatformManager: Display: Loaded TargetPlatform 'Android_Multi'
[2020.04.22-21.33.12:275][  0]LogTargetPlatformManager: Display: Loaded TargetPlatform 'Android_MultiClient'
[2020.04.22-21.33.12:294][  0]LogTargetPlatformManager: Display: Loaded TargetPlatform 'IOSClient'
[2020.04.22-21.33.12:294][  0]LogTargetPlatformManager: Display: Loaded TargetPlatform 'IOS'
[2020.04.22-21.33.12:302][  0]LogTargetPlatformManager: Display: Loaded TargetPlatform 'LinuxNoEditor'
[2020.04.22-21.33.12:310][  0]LogTargetPlatformManager: Display: Loaded TargetPlatform 'LinuxClient'
[2020.04.22-21.33.12:318][  0]LogTargetPlatformManager: Display: Loaded TargetPlatform 'LinuxServer'
[2020.04.22-21.33.12:326][  0]LogTargetPlatformManager: Display: Loaded TargetPlatform 'LinuxAArch64NoEditor'
[2020.04.22-21.33.12:333][  0]LogTargetPlatformManager: Display: Loaded TargetPlatform 'LinuxAArch64Client'
[2020.04.22-21.33.12:341][  0]LogTargetPlatformManager: Display: Loaded TargetPlatform 'LinuxAArch64Server'
[2020.04.22-21.33.12:367][  0]LogTargetPlatformManager: Display: Loaded TargetPlatform 'Lumin'
[2020.04.22-21.33.12:367][  0]LogTargetPlatformManager: Display: Loaded TargetPlatform 'LuminClient'
[2020.04.22-21.33.12:382][  0]LogTargetPlatformManager: Display: Loaded TargetPlatform 'TVOSClient'
[2020.04.22-21.33.12:382][  0]LogTargetPlatformManager: Display: Loaded TargetPlatform 'TVOS'
[2020.04.22-21.33.12:390][  0]LogTargetPlatformManager: Display: Loaded TargetPlatform 'WindowsNoEditor'
[2020.04.22-21.33.12:399][  0]LogTargetPlatformManager: Display: Loaded TargetPlatform 'Windows'
[2020.04.22-21.33.12:407][  0]LogTargetPlatformManager: Display: Loaded TargetPlatform 'WindowsClient'
[2020.04.22-21.33.12:415][  0]LogTargetPlatformManager: Display: Loaded TargetPlatform 'WindowsServer'
[2020.04.22-21.33.12:415][  0]LogTargetPlatformManager: Display: Building Assets For Windows
[2020.04.22-21.33.12:418][  0]LogAudioDebug: Display: Lib vorbis DLL was dynamically loaded.
[2020.04.22-21.33.12:436][  0]LogShaderCompilers: Guid format shader working directory is 0 characters bigger than the processId version (C:/Users/Ramazan/Documents/GitHub/MyProjectV1.0/Intermediate/Shaders/WorkingDirectory/13712/).
[2020.04.22-21.33.12:436][  0]LogShaderCompilers: Cleaned the shader compiler working directory 'C:/Users/Ramazan/AppData/Local/Temp/UnrealShaderWorkingDir/451B144E4CE10A9F7DC5E29F80400E94/'.
[2020.04.22-21.33.12:436][  0]LogXGEController: Cannot use XGE Controller as Incredibuild is not installed on this machine.
[2020.04.22-21.33.12:436][  0]LogShaderCompilers: Cannot use XGE Shader Compiler as Incredibuild is not installed on this machine.
[2020.04.22-21.33.12:436][  0]LogShaderCompilers: Display: Using Local Shader Compiler.
[2020.04.22-21.33.13:298][  0]LogDerivedDataCache: Display: Max Cache Size: 512 MB
[2020.04.22-21.33.13:353][  0]LogDerivedDataCache: Loaded boot cache 0.05s 78MB C:/Users/Ramazan/AppData/Local/UnrealEngine/4.24/DerivedDataCache/Boot.ddc.
[2020.04.22-21.33.13:353][  0]LogDerivedDataCache: Display: Loaded Boot cache: C:/Users/Ramazan/AppData/Local/UnrealEngine/4.24/DerivedDataCache/Boot.ddc
[2020.04.22-21.33.13:353][  0]LogDerivedDataCache: FDerivedDataBackendGraph:  Pak pak cache file C:/Users/Ramazan/Documents/GitHub/MyProjectV1.0/DerivedDataCache/DDC.ddp not found, will not use a pak cache.
[2020.04.22-21.33.13:353][  0]LogDerivedDataCache: Unable to find inner node Pak for hierarchical cache Hierarchy.
[2020.04.22-21.33.13:353][  0]LogDerivedDataCache: FDerivedDataBackendGraph:  CompressedPak pak cache file C:/Users/Ramazan/Documents/GitHub/MyProjectV1.0/DerivedDataCache/Compressed.ddp not found, will not use a pak cache.
[2020.04.22-21.33.13:353][  0]LogDerivedDataCache: Unable to find inner node CompressedPak for hierarchical cache Hierarchy.
[2020.04.22-21.33.13:364][  0]LogDerivedDataCache: Display: Pak cache opened for reading ../../../Engine/DerivedDataCache/Compressed.ddp.
[2020.04.22-21.33.13:365][  0]LogDerivedDataCache: FDerivedDataBackendGraph:  EnterprisePak pak cache file ../../../Enterprise/DerivedDataCache/Compressed.ddp not found, will not use a pak cache.
[2020.04.22-21.33.13:365][  0]LogDerivedDataCache: Unable to find inner node EnterprisePak for hierarchical cache Hierarchy.
[2020.04.22-21.33.13:366][  0]LogDerivedDataCache: Using Local data cache path C:/Users/Ramazan/AppData/Local/UnrealEngine/Common/DerivedDataCache: Writable
[2020.04.22-21.33.13:366][  0]LogDerivedDataCache: Shared data cache path not found in *engine.ini, will not use an Shared cache.
[2020.04.22-21.33.13:366][  0]LogDerivedDataCache: Unable to find inner node Shared for hierarchical cache Hierarchy.
[2020.04.22-21.33.13:396][  0]LogMaterial: Verifying Global Shaders for PCD3D_SM5
[2020.04.22-21.33.13:399][  0]LogSlate: Using FreeType 2.10.0
[2020.04.22-21.33.13:399][  0]LogSlate: SlateFontServices - WITH_FREETYPE: 1, WITH_HARFBUZZ: 1
[2020.04.22-21.33.13:453][  0]LogAssetRegistry: FAssetRegistry took 0.0027 seconds to start up
[2020.04.22-21.33.13:768][  0]LogInit: Selected Device Profile: [Windows]
[2020.04.22-21.33.13:937][  0]LogMeshReduction: Using QuadricMeshReduction for automatic static mesh reduction
[2020.04.22-21.33.13:937][  0]LogMeshReduction: Using SimplygonMeshReduction for automatic skeletal mesh reduction
[2020.04.22-21.33.13:937][  0]LogMeshReduction: Using ProxyLODMeshReduction for automatic mesh merging
[2020.04.22-21.33.13:937][  0]LogMeshReduction: No distributed automatic mesh merging module available
[2020.04.22-21.33.13:937][  0]LogMeshMerging: No distributed automatic mesh merging module available
[2020.04.22-21.33.13:952][  0]LogNetVersion: MyProjectV1 1.0.0, NetCL: 10570792, EngineNetVer: 13, GameNetVer: 0 (Checksum: 1559163689)
[2020.04.22-21.33.15:022][  0]LogPackageLocalizationCache: Processed 10 localized package path(s) for 1 prioritized culture(s) in 0.042899 seconds
[2020.04.22-21.33.15:030][  0]LogUObjectArray: 46750 objects as part of root set at end of initial load.
[2020.04.22-21.33.15:030][  0]LogUObjectAllocator: 8137160 out of 0 bytes used by permanent object pool.
[2020.04.22-21.33.15:030][  0]LogUObjectArray: CloseDisregardForGC: 0/0 objects in disregard for GC pool
[2020.04.22-21.33.15:420][  0]LogTcpMessaging: Initializing TcpMessaging bridge
[2020.04.22-21.33.15:422][  0]LogUdpMessaging: Initializing bridge on interface 0.0.0.0:0 to multicast group 230.0.0.1:6666.
[2020.04.22-21.33.15:470][  0]SourceControl: Source control is disabled
[2020.04.22-21.33.15:915][  0]LogVSAccessor: Display: Unable to create Visual Studio setup instance: 80040154
[2020.04.22-21.33.15:916][  0]LogVSAccessor: Display: Unable to create Visual Studio setup instance: 80040154
[2020.04.22-21.33.15:980][  0]LogAndroidPermission: UAndroidPermissionCallbackProxy::GetInstance
[2020.04.22-21.33.15:989][  0]LogAudioCaptureCore: Display: No Audio Capture implementations found. Audio input will be silent.
[2020.04.22-21.33.15:989][  0]LogAudioCaptureCore: Display: No Audio Capture implementations found. Audio input will be silent.
[2020.04.22-21.33.16:077][  0]LogOcInput: OculusInput pre-init called
[2020.04.22-21.33.16:084][  0]LogWindows: Failed to load 'OVRPlugin.dll' (GetLastError=126)
[2020.04.22-21.33.16:084][  0]LogWindows: File 'OVRPlugin.dll' does not exist
[2020.04.22-21.33.16:157][  0]LogEngine: Initializing Engine...
[2020.04.22-21.33.16:158][  0]LogHMD: Failed to initialize OpenVR with code 110
[2020.04.22-21.33.16:159][  0]LogStats: UGameplayTagsManager::InitializeManager -  0.000 s
[2020.04.22-21.33.16:523][  0]LogInit: Initializing FReadOnlyCVARCache
[2020.04.22-21.33.16:532][  0]LogAIModule: Creating AISystem for world Untitled
[2020.04.22-21.33.16:556][  0]LogAudioMixer: Display: Audio Mixer Platform Settings:
[2020.04.22-21.33.16:556][  0]LogAudioMixer: Display: 	Sample Rate:						  48000
[2020.04.22-21.33.16:556][  0]LogAudioMixer: Display: 	Callback Buffer Frame Size Requested: 1024
[2020.04.22-21.33.16:556][  0]LogAudioMixer: Display: 	Callback Buffer Frame Size To Use:	  1024
[2020.04.22-21.33.16:556][  0]LogAudioMixer: Display: 	Number of buffers to queue:			  2
[2020.04.22-21.33.16:556][  0]LogAudioMixer: Display: 	Max Channels (voices):				  32
[2020.04.22-21.33.16:556][  0]LogAudioMixer: Display: 	Number of Async Source Workers:		  0
[2020.04.22-21.33.16:556][  0]LogAudio: Display: AudioDevice MaxSources: 32
[2020.04.22-21.33.16:557][  0]LogAudio: Display: Using built-in audio occlusion.
[2020.04.22-21.33.16:557][  0]LogAudioMixer: Display: Initializing audio mixer.
[2020.04.22-21.33.16:578][  0]LogAudioMixer: Display: Audio Device Output Speaker Info:
[2020.04.22-21.33.16:578][  0]LogAudioMixer: Display: Name: Hoparlör (2- Realtek High Definition Audio)
[2020.04.22-21.33.16:578][  0]LogAudioMixer: Display: Is Default: Yes
[2020.04.22-21.33.16:578][  0]LogAudioMixer: Display: Sample Rate: 48000
[2020.04.22-21.33.16:578][  0]LogAudioMixer: Display: Channel Count Used: 2
[2020.04.22-21.33.16:578][  0]LogAudioMixer: Display: Device Channel Count: 2
[2020.04.22-21.33.16:578][  0]LogAudioMixer: Display: Channel Order:
[2020.04.22-21.33.16:578][  0]LogAudioMixer: Display: 0: FrontLeft
[2020.04.22-21.33.16:578][  0]LogAudioMixer: Display: 1: FrontRight
[2020.04.22-21.33.16:642][  0]LogAudioMixer: Display: Using Audio Device Hoparlör (2- Realtek High Definition Audio)
[2020.04.22-21.33.16:647][  0]LogInit: FAudioDevice initialized.
[2020.04.22-21.33.16:647][  0]LogNetVersion: Set ProjectVersion to 1.0.0.0. Version Checksum will be recalculated on next use.
[2020.04.22-21.33.16:744][  0]LogDerivedDataCache: Saved boot cache 0.10s 78MB C:/Users/Ramazan/AppData/Local/UnrealEngine/4.24/DerivedDataCache/Boot.ddc.
[2020.04.22-21.33.16:749][  0]LogInit: Texture streaming: Enabled
[2020.04.22-21.33.16:758][  0]LogEngineSessionManager: EngineSessionManager initialized
[2020.04.22-21.33.16:758][  0]LogEditorSessionSummary: Verbose: Initializing EditorSessionSummaryWriter for editor session tracking
[2020.04.22-21.33.16:760][  0]LogEditorSessionSummary: EditorSessionSummaryWriter initialized
[2020.04.22-21.33.16:819][  0]LogInit: Transaction tracking system initialized
[2020.04.22-21.33.16:827][  0]BlueprintLog: New page: Editor Load
[2020.04.22-21.33.16:853][  0]LocalizationService: Localization service is disabled
[2020.04.22-21.33.16:902][  0]LogVSAccessor: Display: Unable to create Visual Studio setup instance: 80040154
[2020.04.22-21.33.16:902][  0]LogVSAccessor: Display: Unable to create Visual Studio setup instance: 80040154
[2020.04.22-21.33.17:142][  0]LogCook: Display: Max memory allowance for cook 16384mb min free memory 0mb
[2020.04.22-21.33.17:142][  0]LogCook: Display: Mobile HDR setting 1
[2020.04.22-21.33.17:208][  0]LogFileCache: Scanning file cache for directory 'C:/Users/Ramazan/Documents/GitHub/MyProjectV1.0/Content/' took 0.01s
[2020.04.22-21.33.17:793][  0]Cmd: MAP LOAD FILE="C:/Users/Ramazan/Documents/GitHub/MyProjectV1.0/Content/ThirdPersonBP/Maps/ThirdPersonExampleMap.umap" TEMPLATE=0 SHOWPROGRESS=1 FEATURELEVEL=3
[2020.04.22-21.33.17:793][  0]LightingResults: New page: Lighting Build
[2020.04.22-21.33.17:794][  0]LogWorld: UWorld::CleanupWorld for Untitled, bSessionEnded=true, bCleanupResources=true
[2020.04.22-21.33.17:794][  0]LogSlate: InvalidateAllWidgets triggered.  All widgets were invalidated
[2020.04.22-21.33.17:794][  0]MapCheck: New page: Map Check
[2020.04.22-21.33.17:794][  0]LightingResults: New page: Lighting Build
[2020.04.22-21.33.17:820][  0]LogUObjectHash: Compacting FUObjectHashTables data took   2.10ms
[2020.04.22-21.33.18:021][  0]LogAnimation: Warning: Animation Blueprint /Game/Spawn_System/Characters/Animations/UE4ASP_HeroTPP_AnimBlueprint.UE4ASP_HeroTPP_AnimBlueprint has nodes with invalid node guids that have been regenerated. This blueprint will not cook deterministically until it is resaved.
[2020.04.22-21.33.18:518][  0]LogLinker: Warning: While loading 'C:/Users/Ramazan/Documents/GitHub/MyProjectV1.0/Content/FireMaterialFiles/Blueprints/FireMaterialFiles/Fire_BP.uasset' failed to load '/Game/ThirdPersonBP/Blueprints/FireMaterialFiles/Fire_MAT_Inst': Can't find file.
[2020.04.22-21.33.18:519][  0]LogLinker: Warning: While loading 'C:/Users/Ramazan/Documents/GitHub/MyProjectV1.0/Content/FireMaterialFiles/Blueprints/FireMaterialFiles/Fire_BP.uasset' failed to load '/Game/ThirdPersonBP/Blueprints/FireMaterialFiles/Fire_MAT_Inst': Can't find file.
[2020.04.22-21.33.18:520][  0]LogLinker: Warning: While loading 'C:/Users/Ramazan/Documents/GitHub/MyProjectV1.0/Content/FireMaterialFiles/Blueprints/FireMaterialFiles/Fire_BP.uasset' failed to load '/Game/ThirdPersonBP/Blueprints/FireMaterialFiles/Fire_MAT_Inst': Can't find file.
[2020.04.22-21.33.18:520][  0]LogLinker: Warning: While loading 'C:/Users/Ramazan/Documents/GitHub/MyProjectV1.0/Content/FireMaterialFiles/Blueprints/FireMaterialFiles/Fire_BP.uasset' failed to load '/Game/ThirdPersonBP/Blueprints/FireMaterialFiles/Fire_MAT_Inst': Can't find file.
[2020.04.22-21.33.18:521][  0]LogLinker: Warning: While loading 'C:/Users/Ramazan/Documents/GitHub/MyProjectV1.0/Content/ThirdPersonBP/Maps/ThirdPersonExampleMap.umap' failed to load '/Game/ThirdPersonBP/Blueprints/FireMaterialFiles/Fire_MAT_Inst': Can't find file.
[2020.04.22-21.33.18:521][  0]LogLinker: Warning: While loading 'C:/Users/Ramazan/Documents/GitHub/MyProjectV1.0/Content/ThirdPersonBP/Maps/ThirdPersonExampleMap.umap' failed to load '/Game/ThirdPersonBP/Blueprints/FireMaterialFiles/Fire_MAT_Inst': Can't find file.
[2020.04.22-21.33.18:521][  0]LogLinker: Warning: While loading 'C:/Users/Ramazan/Documents/GitHub/MyProjectV1.0/Content/ThirdPersonBP/Maps/ThirdPersonExampleMap.umap' failed to load '/Game/ThirdPersonBP/Blueprints/FireMaterialFiles/Fire_MAT_Inst': Can't find file.
[2020.04.22-21.33.18:521][  0]LogLinker: Warning: While loading 'C:/Users/Ramazan/Documents/GitHub/MyProjectV1.0/Content/ThirdPersonBP/Maps/ThirdPersonExampleMap.umap' failed to load '/Game/ThirdPersonBP/Blueprints/FireMaterialFiles/Fire_MAT_Inst': Can't find file.
[2020.04.22-21.33.18:523][  0]LogLinker: Warning: While loading 'C:/Users/Ramazan/Documents/GitHub/MyProjectV1.0/Content/ThirdPersonBP/Maps/ThirdPersonExampleMap.umap' failed to load '/Game/ThirdPersonBP/Blueprints/FireMaterialFiles/Fire_MAT_Inst': Can't find file.
[2020.04.22-21.33.18:523][  0]LoadErrors: Failed to load /Game/ThirdPersonBP/Blueprints/FireMaterialFiles/Fire_MAT_Inst.Fire_MAT_Inst Referenced by StaticMesh_GEN_VARIABLE
[2020.04.22-21.33.18:523][  0]LogLinker: Warning: While loading 'C:/Users/Ramazan/Documents/GitHub/MyProjectV1.0/Content/ThirdPersonBP/Maps/ThirdPersonExampleMap.umap' failed to load '/Game/ThirdPersonBP/Blueprints/FireMaterialFiles/Fire_MAT_Inst': Can't find file.
[2020.04.22-21.33.18:523][  0]LoadErrors: Failed to load /Game/ThirdPersonBP/Blueprints/FireMaterialFiles/Fire_MAT_Inst.Fire_MAT_Inst Referenced by StaticMesh_GEN_VARIABLE
[2020.04.22-21.33.19:173][  0]LogAIModule: Creating AISystem for world ThirdPersonExampleMap
[2020.04.22-21.33.19:195][  0]LogEditorServer: Finished looking for orphan Actors (0.000 secs)
[2020.04.22-21.33.19:233][  0]LogUObjectHash: Compacting FUObjectHashTables data took   3.05ms
[2020.04.22-21.33.19:234][  0]Cmd: MAP CHECKDEP NOCLEARLOG
[2020.04.22-21.33.19:234][  0]MapCheck: Map check complete: 0 Error(s), 0 Warning(s), took 0,146ms to complete.
[2020.04.22-21.33.19:234][  0]LogFileHelpers: Loading map 'ThirdPersonExampleMap' took 1.440
[2020.04.22-21.33.19:399][  0]LogCollectionManager: Loaded 0 collections in 0.000900 seconds
[2020.04.22-21.33.19:415][  0]LogFileCache: Scanning file cache for directory 'C:/Users/Ramazan/Documents/GitHub/MyProjectV1.0/Saved/Collections/' took 0.00s
[2020.04.22-21.33.19:415][  0]LogFileCache: Scanning file cache for directory 'C:/Users/Ramazan/Documents/GitHub/MyProjectV1.0/Content/Developers/Ramazan/Collections/' took 0.00s
[2020.04.22-21.33.19:415][  0]LogFileCache: Scanning file cache for directory 'C:/Users/Ramazan/Documents/GitHub/MyProjectV1.0/Content/Collections/' took 0.00s
[2020.04.22-21.33.19:415][  0]LogContentBrowser: Native class hierarchy populated in 0.0100 seconds. Added 3015 classes and 717 folders.
[2020.04.22-21.33.19:418][  0]LogContentBrowser: Native class hierarchy updated for 'WidgetCarousel' in 0.0003 seconds. Added 0 classes and 0 folders.
[2020.04.22-21.33.19:477][  0]LogContentBrowser: Native class hierarchy updated for 'AddContentDialog' in 0.0003 seconds. Added 0 classes and 0 folders.
[2020.04.22-21.33.19:494][  0]LogSlate: Updating window title bar state: overlay mode, drag disabled, window buttons hidden, title bar hidden
[2020.04.22-21.33.19:506][  0]LogSlate: Updating window title bar state: overlay mode, drag disabled, window buttons hidden, title bar hidden
[2020.04.22-21.33.19:515][  0]LogSlate: Updating window title bar state: overlay mode, drag disabled, window buttons hidden, title bar hidden
[2020.04.22-21.33.19:525][  0]LogSlate: Updating window title bar state: overlay mode, drag disabled, window buttons hidden, title bar hidden
[2020.04.22-21.33.19:529][  0]LogContentBrowser: Native class hierarchy updated for 'SceneOutliner' in 0.0003 seconds. Added 2 classes and 3 folders.
[2020.04.22-21.33.19:600][  0]LogSlate: Took 0.000160 seconds to synchronously load lazily loaded font '../../../Engine/Content/Slate/Fonts/Roboto-Regular.ttf' (155K)
[2020.04.22-21.33.19:603][  0]LogSlate: Took 0.000329 seconds to synchronously load lazily loaded font '../../../Engine/Content/Editor/Slate/Fonts/FontAwesome.ttf' (139K)
[2020.04.22-21.33.19:604][  0]LogSlate: Took 0.000194 seconds to synchronously load lazily loaded font '../../../Engine/Content/Slate/Fonts/Roboto-Bold.ttf' (160K)
[2020.04.22-21.33.19:719][  0]LogRenderer: Reallocating scene render targets to support 960x704 Format 10 NumSamples 1 (Frame:1).
[2020.04.22-21.33.19:839][  0]LogContentBrowser: Native class hierarchy updated for 'HierarchicalLODOutliner' in 0.0002 seconds. Added 0 classes and 0 folders.
[2020.04.22-21.33.19:839][  0]LogLoad: (Engine Initialization) Total time: 9.73 seconds
[2020.04.22-21.33.19:839][  0]LogLoad: (Engine Initialization) Total Blueprint compile time: 0.00 seconds
[2020.04.22-21.33.19:908][  0]LogContentStreaming: Texture pool size now 1000 MB
[2020.04.22-21.33.20:031][  1]LogAssetRegistry: Asset discovery search completed in 6.5782 seconds
[2020.04.22-21.33.20:035][  1]LogCollectionManager: Fixed up redirectors for 0 collections in 0.000011 seconds (updated 0 objects)
[2020.04.22-21.35.44:838][ 90]LogSlate: Window 'Message Log' being destroyed
[2020.04.22-21.35.44:853][ 90]LogSlate: Window 'Message Log' being destroyed
[2020.04.22-22.04.56:562][752]SourceControl: fatal: D:/UE_4.24/Engine/Content: 'D:/UE_4.24/Engine/Content' is outside repository at 'C:/Users/Ramazan/Documents/GitHub/MyProjectV1.0'
[2020.04.22-22.04.56:667][752]EditorErrors: Warning: No assets to check in!
[2020.04.22-22.05.02:178][ 66]LogEditorViewport: Clicking on Actor (context menu): StaticMeshActor (Floor)
[2020.04.22-22.05.03:515][106]LogEditorViewport: Clicking on Actor (LMB): StaticMeshActor (Floor)
[2020.04.22-22.05.12:829][659]LogEditorViewport: Clicking on Actor (context menu): StaticMeshActor (Wall11)
[2020.04.22-22.05.13:588][696]LogEditorViewport: Clicking on Actor (context menu): StaticMeshActor (Floor)
[2020.04.22-22.05.14:346][732]LogEditorViewport: Clicking on Actor (LMB): StaticMeshActor (Floor)
[2020.04.22-22.05.16:643][863]LogEditorViewport: Clicking on Actor (context menu): StaticMeshActor (RightArm_StaticMesh)
[2020.04.22-22.05.17:459][900]LogEditorViewport: Clicking on Actor (LMB): StaticMeshActor (Floor)
[2020.04.22-22.05.27:232][480]LogEditorViewport: Clicking on Actor (LMB): StaticMeshActor (CubeMesh)
[2020.04.22-22.05.34:091][888]LogEditorViewport: Clicking on Actor (context menu): StaticMeshActor (Floor)
[2020.04.22-22.05.34:218][888]LogEditorViewport: Clicking on Component (context menu): StaticMeshComponent (StaticMeshComponent0)
[2020.04.22-22.05.34:341][891]LogEditorViewport: Clicking on Component (context menu): StaticMeshComponent (StaticMeshComponent0)
[2020.04.22-22.05.34:468][892]LogEditorViewport: Clicking on Actor (context menu): StaticMeshActor (Floor)
[2020.04.22-22.05.34:986][918]LogEditorViewport: Clicking on Component (context menu): StaticMeshComponent (StaticMeshComponent0)
[2020.04.22-22.05.35:554][948]LogEditorViewport: Clicking on Component (LMB): StaticMeshComponent (StaticMeshComponent0)
[2020.04.22-22.05.36:177][982]LogEditorViewport: Clicking on Actor (LMB): StaticMeshActor (CubeMesh)
[2020.04.22-22.05.48:880][711]LogEditorViewport: Clicking on Actor (context menu): StaticMeshActor (Floor)
[2020.04.22-22.05.50:041][762]LogEditorViewport: Clicking on Actor (LMB): StaticMeshActor (Floor)
[2020.04.22-22.05.50:545][787]LogEditorViewport: Clicking on Actor (LMB): StaticMeshActor (CubeMesh)
[2020.04.22-22.06.09:255][780]LogEditorViewport: Clicking on Actor (LMB): StaticMeshActor (CubeMesh)
[2020.04.22-22.07.22:557][ 71]LogSlate: Took 0.000151 seconds to synchronously load lazily loaded font '../../../Engine/Content/Slate/Fonts/Roboto-Light.ttf' (167K)
[2020.04.22-22.07.31:325][579]LogUObjectHash: Compacting FUObjectHashTables data took   2.01ms
[2020.04.22-22.07.31:609][579]LogSavePackage: Moving 'C:/Users/Ramazan/Documents/GitHub/MyProjectV1.0/Saved/ThirdPersonExampleMap_Auto1F511EE8D4EE5F5574F1C5FA3906E8EA3.tmp' to 'C:/Users/Ramazan/Documents/GitHub/MyProjectV1.0/Saved/Autosaves/Game/ThirdPersonBP/Maps/ThirdPersonExampleMap_Auto1.umap'
[2020.04.22-22.07.31:616][579]LogFileHelpers: Editor autosave (incl. sublevels) for '/Game/ThirdPersonBP/Maps/ThirdPersonExampleMap' took 0.318
[2020.04.22-22.07.31:616][579]LogFileHelpers: Editor autosave (incl. sublevels) for all levels took 0.318
[2020.04.22-22.11.22:690][751]LogEditorViewport: Clicking on Actor (context menu): StaticMeshActor (Floor)
[2020.04.22-22.11.24:232][834]LogEditorViewport: Clicking on Actor (LMB): StaticMeshActor (Floor)
[2020.04.22-22.11.35:217][489]LogEditorViewport: Clicking on Actor (context menu): StaticMeshActor (Floor)
[2020.04.22-22.11.39:584][733]LogEditorViewport: Clicking on Actor (LMB): StaticMeshActor (Floor)
[2020.04.22-22.12.48:200][846]LogEditorViewport: Clicking on Actor (LMB): StaticMeshActor (Ramp_StaticMesh)
[2020.04.22-22.12.57:223][351]LogEditorViewport: Clicking on Actor (context menu): StaticMeshActor (Ramp_StaticMesh)
[2020.04.22-22.12.58:438][410]LogEditorViewport: Clicking on Actor (LMB): StaticMeshActor (Floor)
[2020.04.22-22.13.05:570][832]LogEditorViewport: Clicking on Actor (context menu): StaticMeshActor (Floor)
[2020.04.22-22.13.06:266][867]LogEditorViewport: Clicking on Actor (LMB): StaticMeshActor (CubeMesh)
[2020.04.22-22.13.14:409][328]LogEditorViewport: Clicking on Actor (context menu): StaticMeshActor (Floor)
[2020.04.22-22.13.16:732][460]LogEditorViewport: Clicking on Component (context menu): StaticMeshComponent (StaticMeshComponent0)
[2020.04.22-22.13.17:466][496]LogEditorViewport: Clicking on Actor (LMB): StaticMeshActor (LeftArm_StaticMesh)
[2020.04.22-22.13.26:884][ 53]LogEditorViewport: Clicking on Actor (context menu): StaticMeshActor (Floor)
[2020.04.22-22.13.27:690][ 92]LogEditorViewport: Clicking on Actor (LMB): StaticMeshActor (RightArm_StaticMesh)
[2020.04.22-22.13.29:292][183]LogEditorViewport: Clicking on Actor (LMB): StaticMeshActor (Linear_Stair_StaticMesh)
[2020.04.22-22.13.30:312][241]LogEditorViewport: Clicking on Actor (LMB): NavMeshBoundsVolume (NavMeshBoundsVolume)
[2020.04.22-22.13.31:034][245]LogEditorViewport: Clicking on Actor (LMB): NavMeshBoundsVolume (NavMeshBoundsVolume)
[2020.04.22-22.13.31:889][291]LogEditorViewport: Clicking on Actor (LMB): StaticMeshActor (Bump_StaticMesh)
[2020.04.22-22.13.32:949][351]LogEditorViewport: Clicking on Actor (LMB): StaticMeshActor (Linear_Stair_StaticMesh)
[2020.04.22-22.13.45:208][ 22]LogEditorViewport: Clicking on Actor (context menu): StaticMeshActor (Linear_Stair_StaticMesh)
[2020.04.22-22.13.45:939][ 58]LogEditorViewport: Clicking on Actor (LMB): StaticMeshActor (Linear_Stair_StaticMesh)
[2020.04.22-22.13.57:635][705]LogEditorViewport: Clicking on Actor (context menu): StaticMeshActor (RightArm_StaticMesh)
[2020.04.22-22.13.58:465][746]LogEditorViewport: Clicking on Actor (LMB): StaticMeshActor (Linear_Stair_StaticMesh)
[2020.04.22-22.14.09:235][382]LogEditorViewport: Clicking on Actor (context menu): StaticMeshActor (Floor)
[2020.04.22-22.14.10:167][425]LogEditorViewport: Clicking on Actor (LMB): StaticMeshActor (RightArm_StaticMesh)
[2020.04.22-22.14.14:829][691]LogEditorViewport: Clicking on Actor (context menu): StaticMeshActor (Floor)
[2020.04.22-22.14.15:049][695]LogEditorViewport: Clicking on Actor (context menu): StaticMeshActor (Floor)
[2020.04.22-22.14.15:306][706]LogEditorViewport: Clicking on Actor (context menu): StaticMeshActor (Floor)
[2020.04.22-22.14.16:488][773]LogEditorViewport: Clicking on Actor (LMB): StaticMeshActor (Floor)
[2020.04.22-22.14.18:420][870]LogUObjectHash: Compacting FUObjectHashTables data took   2.86ms
[2020.04.22-22.14.18:700][870]LogSavePackage: Moving 'C:/Users/Ramazan/Documents/GitHub/MyProjectV1.0/Saved/ThirdPersonExampleMapDCA60AA242085FBE0221378E628617C3.tmp' to 'C:/Users/Ramazan/Documents/GitHub/MyProjectV1.0/Content/ThirdPersonBP/Maps/ThirdPersonExampleMap.umap'
[2020.04.22-22.14.19:131][870]LogSavePackage: Moving 'C:/Users/Ramazan/Documents/GitHub/MyProjectV1.0/Saved/ThirdPersonExampleMap_BuiltData810568AF46FB36D3EAAF34859543788F.tmp' to 'C:/Users/Ramazan/Documents/GitHub/MyProjectV1.0/Content/ThirdPersonBP/Maps/ThirdPersonExampleMap_BuiltData.uasset'
[2020.04.22-22.14.19:152][870]AssetCheck: New page: Asset Save: multiple assets
[2020.04.22-22.14.19:152][870]LogContentValidation: Display: Validating World /Game/ThirdPersonBP/Maps/ThirdPersonExampleMap.ThirdPersonExampleMap
[2020.04.22-22.14.19:152][870]LogContentValidation: Display: Validating MapBuildDataRegistry /Game/ThirdPersonBP/Maps/ThirdPersonExampleMap_BuiltData.ThirdPersonExampleMap_BuiltData
[2020.04.22-22.14.21:708][988]SourceControl: fatal: D:/UE_4.24/Engine/Content: 'D:/UE_4.24/Engine/Content' is outside repository at 'C:/Users/Ramazan/Documents/GitHub/MyProjectV1.0'
[2020.04.22-22.14.34:127][988]LogSlate: Window 'Submit Files' being destroyed
[2020.04.22-22.14.35:773][988]LogSourceControl: commit successful: [master 931c65a] Mekan İçinde değişiklik (Deneme)
[2020.04.22-22.14.35:842][988]SourceControl: [master 931c65a] Mekan İçinde değişiklik (Deneme)
[2020.04.22-22.14.35:842][988]SourceControl:  2 files changed, 0 insertions(+), 0 deletions(-)
[2020.04.22-22.14.35:863][988]SourceControl: Commited [master 931c65a] Mekan İçinde değişiklik (Deneme).
[2020.04.22-22.17.26:993][895]LogEditorViewport: Clicking on Actor (context menu): StaticMeshActor (Floor)
[2020.04.22-22.17.28:154][946]LogEditorViewport: Clicking on Actor (LMB): StaticMeshActor (Floor)
[2020.04.22-22.17.29:490][ 22]LogEditorViewport: Clicking on Actor (context menu): StaticMeshActor (Floor)
[2020.04.22-22.17.29:616][ 24]LogEditorViewport: Clicking on Component (context menu): StaticMeshComponent (StaticMeshComponent0)
[2020.04.22-22.17.30:924][ 95]LogEditorViewport: Clicking on Component (LMB): StaticMeshComponent (StaticMeshComponent0)
[2020.04.22-22.19.57:022][413]LogEditorViewport: Clicking on Actor (LMB): StaticMeshActor (Ramp_StaticMesh)
[2020.04.22-22.20.02:336][705]LogTemp: Repeating last play command: Selected Viewport
[2020.04.22-22.20.02:416][705]LogBlueprintUserMessages: Early PlayInEditor Detection: Level '/Game/ThirdPersonBP/Maps/ThirdPersonExampleMap.ThirdPersonExampleMap:PersistentLevel' has LevelScriptBlueprint '/Game/ThirdPersonBP/Maps/ThirdPersonExampleMap.ThirdPersonExampleMap:PersistentLevel.ThirdPersonExampleMap' with GeneratedClass '/Game/ThirdPersonBP/Maps/ThirdPersonExampleMap.ThirdPersonExampleMap_C' with ClassGeneratedBy '/Game/ThirdPersonBP/Maps/ThirdPersonExampleMap.ThirdPersonExampleMap:PersistentLevel.ThirdPersonExampleMap'
[2020.04.22-22.20.02:459][705]LogPlayLevel: PlayLevel: No blueprints needed recompiling
[2020.04.22-22.20.02:556][705]PIE: New page: PIE session: ThirdPersonExampleMap (23 Nis 2020 04:20:02)
[2020.04.22-22.20.02:569][705]LogOnline: OSS: Creating online subsystem instance for: NULL
[2020.04.22-22.20.02:578][705]LogOnline: OSS: TryLoadSubsystemAndSetDefault: Loaded subsystem for module [NULL]
[2020.04.22-22.20.02:628][705]LogPlayLevel: Creating play world package: /Game/ThirdPersonBP/Maps/UEDPIE_0_ThirdPersonExampleMap
[2020.04.22-22.20.02:660][705]LogPlayLevel: PIE: StaticDuplicateObject took: (0.031443s)
[2020.04.22-22.20.02:672][705]LogAIModule: Creating AISystem for world ThirdPersonExampleMap
[2020.04.22-22.20.02:682][705]LogPlayLevel: PIE: World Init took: (0.022103s)
[2020.04.22-22.20.02:682][705]LogPlayLevel: PIE: Created PIE world by copying editor world from /Game/ThirdPersonBP/Maps/ThirdPersonExampleMap.ThirdPersonExampleMap to /Game/ThirdPersonBP/Maps/UEDPIE_0_ThirdPersonExampleMap.ThirdPersonExampleMap (0.054187s)
[2020.04.22-22.20.02:713][705]LogUObjectHash: Compacting FUObjectHashTables data took   2.22ms
[2020.04.22-22.20.02:722][705]LogAudioMixer: Display: Audio Mixer Platform Settings:
[2020.04.22-22.20.02:722][705]LogAudioMixer: Display: 	Sample Rate:						  48000
[2020.04.22-22.20.02:722][705]LogAudioMixer: Display: 	Callback Buffer Frame Size Requested: 1024
[2020.04.22-22.20.02:722][705]LogAudioMixer: Display: 	Callback Buffer Frame Size To Use:	  1024
[2020.04.22-22.20.02:722][705]LogAudioMixer: Display: 	Number of buffers to queue:			  2
[2020.04.22-22.20.02:722][705]LogAudioMixer: Display: 	Max Channels (voices):				  32
[2020.04.22-22.20.02:722][705]LogAudioMixer: Display: 	Number of Async Source Workers:		  0
[2020.04.22-22.20.02:722][705]LogAudio: Display: AudioDevice MaxSources: 32
[2020.04.22-22.20.02:722][705]LogAudio: Display: Using built-in audio occlusion.
[2020.04.22-22.20.02:722][705]LogAudioMixer: Display: Initializing audio mixer.
[2020.04.22-22.20.02:734][705]LogAudioMixer: Display: Audio Device Output Speaker Info:
[2020.04.22-22.20.02:734][705]LogAudioMixer: Display: Name: Hoparlör (2- Realtek High Definition Audio)
[2020.04.22-22.20.02:734][705]LogAudioMixer: Display: Is Default: Yes
[2020.04.22-22.20.02:734][705]LogAudioMixer: Display: Sample Rate: 48000
[2020.04.22-22.20.02:734][705]LogAudioMixer: Display: Channel Count Used: 2
[2020.04.22-22.20.02:734][705]LogAudioMixer: Display: Device Channel Count: 2
[2020.04.22-22.20.02:734][705]LogAudioMixer: Display: Channel Order:
[2020.04.22-22.20.02:734][705]LogAudioMixer: Display: 0: FrontLeft
[2020.04.22-22.20.02:734][705]LogAudioMixer: Display: 1: FrontRight
[2020.04.22-22.20.02:791][705]LogAudioMixer: Display: Using Audio Device Hoparlör (2- Realtek High Definition Audio)
[2020.04.22-22.20.02:794][705]LogInit: FAudioDevice initialized.
[2020.04.22-22.20.02:868][705]LogLoad: Game class is 'ThirdPersonGameMode_C'
[2020.04.22-22.20.03:017][705]LogWorld: Bringing World /Game/ThirdPersonBP/Maps/UEDPIE_0_ThirdPersonExampleMap.ThirdPersonExampleMap up for play (max tick rate 60) at 2020.04.23-01.20.03
[2020.04.22-22.20.03:197][705]LogWorld: Bringing up level for play took: 0.212852
[2020.04.22-22.20.03:222][705]LogOnline: OSS: Creating online subsystem instance for: :Context_4
[2020.04.22-22.20.03:439][705]LogContentBrowser: Native class hierarchy updated for 'MovieSceneCapture' in 0.0004 seconds. Added 20 classes and 0 folders.
[2020.04.22-22.20.03:462][705]LogScript: Warning: Script Msg: Attempted to access index 0 from array 'PathReferences_10_B93BEF8C44AEEE74CB30A9AFFD781DE8' of length 0 in '/Game/Spawn_System/Blueprints/Spawn_System/StructsAndMacros/ST_Spawn_Information.ST_Spawn_Information'!
[2020.04.22-22.20.03:594][705]LogAnimation: Warning: AnimBP JamiesAnimBP_C is incompatible with skeleton brian_Skeleton, removing AnimBP from actor.
[2020.04.22-22.20.03:710][705]PIE: Play in editor start time for /Game/ThirdPersonBP/Maps/UEDPIE_0_ThirdPersonExampleMap 1,624
[2020.04.22-22.20.03:710][705]LogBlueprintUserMessages: Late PlayInEditor Detection: Level '/Game/ThirdPersonBP/Maps/ThirdPersonExampleMap.ThirdPersonExampleMap:PersistentLevel' has LevelScriptBlueprint '/Game/ThirdPersonBP/Maps/ThirdPersonExampleMap.ThirdPersonExampleMap:PersistentLevel.ThirdPersonExampleMap' with GeneratedClass '/Game/ThirdPersonBP/Maps/ThirdPersonExampleMap.ThirdPersonExampleMap_C' with ClassGeneratedBy '/Game/ThirdPersonBP/Maps/ThirdPersonExampleMap.ThirdPersonExampleMap:PersistentLevel.ThirdPersonExampleMap'
[2020.04.22-22.20.08:462][965]Cmd: LevelEditor.ToggleImmersive
[2020.04.22-22.20.08:856][966]LogRenderer: Reallocating scene render targets to support 1540x828 Format 10 NumSamples 1 (Frame:262).
[2020.04.22-22.20.47:584][260]LogAudioMixer: Display: No commands were queued while flushing the source manager.
[2020.04.22-22.20.47:586][260]LogAudioMixer: Display: No commands were queued while flushing the source manager.
[2020.04.22-22.20.47:628][260]LogBlueprintUserMessages: Early EndPlayMap Detection: Level '/Game/ThirdPersonBP/Maps/ThirdPersonExampleMap.ThirdPersonExampleMap:PersistentLevel' has LevelScriptBlueprint '/Game/ThirdPersonBP/Maps/ThirdPersonExampleMap.ThirdPersonExampleMap:PersistentLevel.ThirdPersonExampleMap' with GeneratedClass '/Game/ThirdPersonBP/Maps/ThirdPersonExampleMap.ThirdPersonExampleMap_C' with ClassGeneratedBy '/Game/ThirdPersonBP/Maps/ThirdPersonExampleMap.ThirdPersonExampleMap:PersistentLevel.ThirdPersonExampleMap'
[2020.04.22-22.20.47:649][260]LogSlate: Updating window title bar state: overlay mode, drag disabled, window buttons hidden, title bar hidden
[2020.04.22-22.20.47:649][260]LogWorld: BeginTearingDown for /Game/ThirdPersonBP/Maps/UEDPIE_0_ThirdPersonExampleMap
[2020.04.22-22.20.47:649][260]LogAudioMixer: Display: No commands were queued while flushing the source manager.
[2020.04.22-22.20.47:649][260]LogWorld: UWorld::CleanupWorld for ThirdPersonExampleMap, bSessionEnded=true, bCleanupResources=true
[2020.04.22-22.20.47:650][260]LogSlate: InvalidateAllWidgets triggered.  All widgets were invalidated
[2020.04.22-22.20.47:713][260]LogPlayLevel: Display: Shutting down PIE online subsystems
[2020.04.22-22.20.47:713][260]LogBlueprintUserMessages: Late EndPlayMap Detection: Level '/Game/ThirdPersonBP/Maps/ThirdPersonExampleMap.ThirdPersonExampleMap:PersistentLevel' has LevelScriptBlueprint '/Game/ThirdPersonBP/Maps/ThirdPersonExampleMap.ThirdPersonExampleMap:PersistentLevel.ThirdPersonExampleMap' with GeneratedClass '/Game/ThirdPersonBP/Maps/ThirdPersonExampleMap.ThirdPersonExampleMap_C' with ClassGeneratedBy '/Game/ThirdPersonBP/Maps/ThirdPersonExampleMap.ThirdPersonExampleMap:PersistentLevel.ThirdPersonExampleMap'
[2020.04.22-22.20.47:716][260]LogSlate: InvalidateAllWidgets triggered.  All widgets were invalidated
[2020.04.22-22.20.47:743][260]LogAudioMixer: Display: No commands were queued while flushing the source manager.
[2020.04.22-22.20.47:749][260]LogSlate: Updating window title bar state: overlay mode, drag disabled, window buttons hidden, title bar hidden
[2020.04.22-22.20.47:756][260]LogUObjectHash: Compacting FUObjectHashTables data took   2.07ms
[2020.04.22-22.20.47:787][261]LogPlayLevel: Display: Destroying online subsystem :Context_4
[2020.04.22-22.21.03:907][206]LogEditorViewport: Clicking on Actor (context menu): StaticMeshActor (Floor)
[2020.04.22-22.21.04:940][250]LogEditorViewport: Clicking on Actor (LMB): StaticMeshActor (Floor)
[2020.04.22-22.21.12:077][675]LogEditorViewport: Clicking on Actor (LMB): StaticMeshActor (CubeMesh)
[2020.04.22-22.21.47:191][235]SourceControl: fatal: D:/UE_4.24/Engine/Content: 'D:/UE_4.24/Engine/Content' is outside repository at 'C:/Users/Ramazan/Documents/GitHub/MyProjectV1.0'
[2020.04.22-22.21.47:304][235]EditorErrors: Warning: No assets to check in!
