Log file open, 04/23/20 08:57:16
LogWindows: Failed to load 'aqProf.dll' (GetLastError=126)
LogWindows: File 'aqProf.dll' does not exist
LogWindows: Failed to load 'VtuneApi.dll' (GetLastError=126)
LogWindows: File 'VtuneApi.dll' does not exist
LogWindows: Failed to load 'VtuneApi32e.dll' (GetLastError=126)
LogWindows: File 'VtuneApi32e.dll' does not exist
LogConsoleResponse: Display: Failed to find resolution value strings in scalability ini. Falling back to default.
LogInit: Display: Running engine for game: MyProjectV1
LogPlatformFile: Not using cached read wrapper
LogTaskGraph: Started task graph with 5 named threads and 11 total threads with 3 sets of task threads.
LogStats: Stats thread started at 0.385756
LogD3D11RHI: Loaded GFSDK_Aftermath_Lib.x64.dll
LogICUInternationalization: ICU TimeZone Detection - Raw Offset: +2:00, Platform Override: ''
LogPluginManager: Mounting plugin Paper2D
LogPluginManager: Mounting plugin AISupport
LogPluginManager: Mounting plugin LightPropagationVolume
LogPluginManager: Mounting plugin ActorLayerUtilities
LogPluginManager: Mounting plugin AnimationSharing
LogPluginManager: Mounting plugin CLionSourceCodeAccess
LogPluginManager: Mounting plugin CodeLiteSourceCodeAccess
LogPluginManager: Mounting plugin GitSourceControl
LogPluginManager: Mounting plugin KDevelopSourceCodeAccess
LogPluginManager: Mounting plugin NullSourceCodeAccess
LogPluginManager: Mounting plugin PerforceSourceControl
LogPluginManager: Mounting plugin PlasticSourceControl
LogPluginManager: Mounting plugin SubversionSourceControl
LogPluginManager: Mounting plugin UObjectPlugin
LogPluginManager: Mounting plugin VisualStudioCodeSourceCodeAccess
LogPluginManager: Mounting plugin VisualStudioSourceCodeAccess
LogPluginManager: Mounting plugin XCodeSourceCodeAccess
LogPluginManager: Mounting plugin AssetManagerEditor
LogPluginManager: Mounting plugin CryptoKeys
LogPluginManager: Mounting plugin CurveEditorTools
LogPluginManager: Mounting plugin DataValidation
LogPluginManager: Mounting plugin FacialAnimation
LogPluginManager: Mounting plugin GameplayTagsEditor
LogPluginManager: Mounting plugin MacGraphicsSwitching
LogPluginManager: Mounting plugin MaterialAnalyzer
LogPluginManager: Mounting plugin MobileLauncherProfileWizard
LogPluginManager: Mounting plugin PluginBrowser
LogPluginManager: Mounting plugin SpeedTreeImporter
LogPluginManager: Mounting plugin DatasmithContent
LogPluginManager: Mounting plugin VariantManagerContent
LogPluginManager: Mounting plugin AlembicImporter
LogPluginManager: Mounting plugin AutomationUtils
LogPluginManager: Mounting plugin BackChannel
LogPluginManager: Mounting plugin CharacterAI
LogPluginManager: Mounting plugin GeometryCache
LogPluginManager: Mounting plugin PlatformCrypto
LogPluginManager: Mounting plugin ProxyLODPlugin
LogPluginManager: Mounting plugin SkeletalReduction
LogPluginManager: Mounting plugin MagicLeap
LogPluginManager: Mounting plugin MagicLeapMedia
LogPluginManager: Mounting plugin MLSDK
LogPluginManager: Mounting plugin AndroidMedia
LogPluginManager: Mounting plugin AvfMedia
LogPluginManager: Mounting plugin ImgMedia
LogPluginManager: Mounting plugin MediaCompositing
LogPluginManager: Mounting plugin MediaPlayerEditor
LogPluginManager: Mounting plugin WebMMedia
LogPluginManager: Mounting plugin WmfMedia
LogPluginManager: Mounting plugin TcpMessaging
LogPluginManager: Mounting plugin UdpMessaging
LogPluginManager: Mounting plugin ActorSequence
LogPluginManager: Mounting plugin LevelSequenceEditor
LogPluginManager: Mounting plugin MatineeToLevelSequence
LogPluginManager: Mounting plugin NetcodeUnitTest
LogPluginManager: Mounting plugin NUTUnrealEngine4
LogPluginManager: Mounting plugin OnlineSubsystemGooglePlay
LogPluginManager: Mounting plugin OnlineSubsystemIOS
LogPluginManager: Mounting plugin OnlineSubsystem
LogPluginManager: Mounting plugin OnlineSubsystemNull
LogPluginManager: Mounting plugin OnlineSubsystemUtils
LogPluginManager: Mounting plugin LauncherChunkInstaller
LogPluginManager: Mounting plugin AndroidDeviceProfileSelector
LogPluginManager: Mounting plugin AndroidMoviePlayer
LogPluginManager: Mounting plugin AndroidPermission
LogPluginManager: Mounting plugin AppleImageUtils
LogPluginManager: Mounting plugin AppleMoviePlayer
LogPluginManager: Mounting plugin ArchVisCharacter
LogPluginManager: Mounting plugin AssetTags
LogPluginManager: Mounting plugin AudioCapture
LogPluginManager: Mounting plugin CableComponent
LogPluginManager: Mounting plugin CustomMeshComponent
LogPluginManager: Mounting plugin EditableMesh
LogPluginManager: Mounting plugin ExampleDeviceProfileSelector
LogPluginManager: Mounting plugin GoogleCloudMessaging
LogPluginManager: Mounting plugin IOSDeviceProfileSelector
LogPluginManager: Mounting plugin LinuxDeviceProfileSelector
LogPluginManager: Mounting plugin LocationServicesBPLibrary
LogPluginManager: Mounting plugin MobilePatchingUtils
LogPluginManager: Mounting plugin OculusVR
LogPluginManager: Mounting plugin PhysXVehicles
LogPluginManager: Mounting plugin PostSplashScreen
LogPluginManager: Mounting plugin ProceduralMeshComponent
LogPluginManager: Mounting plugin RuntimePhysXCooking
LogPluginManager: Mounting plugin SignificanceManager
LogPluginManager: Mounting plugin SteamVR
LogPluginManager: Mounting plugin WebMMoviePlayer
LogPluginManager: Mounting plugin WindowsMoviePlayer
LogPluginManager: Mounting plugin ScreenshotTools
LogInit: Using libcurl 7.55.1-DEV
LogInit:  - built for x86_64-pc-win32
LogInit:  - supports SSL with OpenSSL/1.1.1
LogInit:  - supports HTTP deflate (compression) using libz 1.2.8
LogInit:  - other features:
LogInit:      CURL_VERSION_SSL
LogInit:      CURL_VERSION_LIBZ
LogInit:      CURL_VERSION_IPV6
LogInit:      CURL_VERSION_ASYNCHDNS
LogInit:      CURL_VERSION_LARGEFILE
LogInit:      CURL_VERSION_IDN
LogInit:  CurlRequestOptions (configurable via config and command line):
LogInit:  - bVerifyPeer = true  - Libcurl will verify peer certificate
LogInit:  - bUseHttpProxy = false  - Libcurl will NOT use HTTP proxy
LogInit:  - bDontReuseConnections = false  - Libcurl will reuse connections
LogInit:  - MaxHostConnections = 16  - Libcurl will limit the number of connections to a host
LogInit:  - LocalHostAddr = Default
LogInit:  - BufferSize = 65536
LogOnline: OSS: Creating online subsystem instance for: NULL
LogInit: WinSock: version 1.1 (2.2), MaxSocks=32767, MaxUdp=65467
LogOnline: OSS: TryLoadSubsystemAndSetDefault: Loaded subsystem for module [NULL]
LogInit: Build: ++UE4+Release-4.24-CL-11590370
LogInit: Engine Version: 4.24.3-11590370+++UE4+Release-4.24
LogInit: Compatible Engine Version: 4.24.0-10570792+++UE4+Release-4.24
LogInit: Net CL: 10570792
LogInit: OS: Windows 7 (Service Pack 1), CPU:        Intel(R) Core(TM) i3-3120M CPU @ 2.50GHz, GPU: Intel(R) HD Graphics 4000
LogInit: Compiled (64-bit): Feb 24 2020 15:39:18
LogInit: Compiled with Visual C++: 19.16.27032.01
LogInit: Build Configuration: Development
LogInit: Branch Name: ++UE4+Release-4.24
LogInit: Command Line: 
LogInit: Base Directory: C:/Program Files/Epic Games/UE_4.24/Engine/Binaries/Win64/
LogInit: Installed Engine Build: 1
LogDevObjectVersion: Number of dev versions registered: 25
LogDevObjectVersion:   Dev-Blueprints (B0D832E4-1F89-4F0D-ACCF-7EB736FD4AA2): 10
LogDevObjectVersion:   Dev-Build (E1C64328-A22C-4D53-A36C-8E866417BD8C): 0
LogDevObjectVersion:   Dev-Core (375EC13C-06E4-48FB-B500-84F0262A717E): 3
LogDevObjectVersion:   Dev-Editor (E4B068ED-F494-42E9-A231-DA0B2E46BB41): 37
LogDevObjectVersion:   Dev-Framework (CFFC743F-43B0-4480-9391-14DF171D2073): 36
LogDevObjectVersion:   Dev-Mobile (B02B49B5-BB20-44E9-A304-32B752E40360): 2
LogDevObjectVersion:   Dev-Networking (A4E4105C-59A1-49B5-A7C5-40C4547EDFEE): 0
LogDevObjectVersion:   Dev-Online (39C831C9-5AE6-47DC-9A44-9C173E1C8E7C): 0
LogDevObjectVersion:   Dev-Physics (78F01B33-EBEA-4F98-B9B4-84EACCB95AA2): 2
LogDevObjectVersion:   Dev-Platform (6631380F-2D4D-43E0-8009-CF276956A95A): 0
LogDevObjectVersion:   Dev-Rendering (12F88B9F-8875-4AFC-A67C-D90C383ABD29): 36
LogDevObjectVersion:   Dev-Sequencer (7B5AE74C-D270-4C10-A958-57980B212A5A): 11
LogDevObjectVersion:   Dev-VR (D7296918-1DD6-4BDD-9DE2-64A83CC13884): 2
LogDevObjectVersion:   Dev-LoadTimes (C2A15278-BFE7-4AFE-6C17-90FF531DF755): 1
LogDevObjectVersion:   Private-Geometry (6EACA3D4-40EC-4CC1-B786-8BED09428FC5): 3
LogDevObjectVersion:   Dev-AnimPhys (29E575DD-E0A3-4627-9D10-D276232CDCEA): 17
LogDevObjectVersion:   Dev-Anim (AF43A65D-7FD3-4947-9873-3E8ED9C1BB05): 2
LogDevObjectVersion:   Dev-ReflectionCapture (6B266CEC-1EC7-4B8F-A30B-E4D90942FC07): 1
LogDevObjectVersion:   Dev-Automation (0DF73D61-A23F-47EA-B727-89E90C41499A): 1
LogDevObjectVersion:   FortniteMain (601D1886-AC64-4F84-AA16-D3DE0DEAC7D6): 31
LogDevObjectVersion:   Dev-Enterprise (9DFFBCD6-494F-0158-E221-12823C92A888): 8
LogDevObjectVersion:   Dev-Niagara (F2AED0AC-9AFE-416F-8664-AA7FFA26D6FC): 1
LogDevObjectVersion:   Dev-Destruction (174F1F0B-B4C6-45A5-B13F-2EE8D0FB917D): 9
LogDevObjectVersion:   Dev-Physics-Ext (35F94A83-E258-406C-A318-09F59610247C): 8
LogDevObjectVersion:   Dev-CineCamera (B2E18506-4273-CFC2-A54E-F4BB758BBA07): 1
LogInit: Presizing for max 25165824 objects, including 0 objects not considered by GC, pre-allocating 0 bytes for permanent pool.
LogInit: Object subsystem initialized
LogConfig: Setting CVar [[con.DebugEarlyDefault:1]]
LogConfig: Setting CVar [[r.setres:1280x720]]
[2020.04.23-05.57.16:928][  0]LogConfig: Setting CVar [[r.VSync:0]]
[2020.04.23-05.57.16:928][  0]LogConfig: Setting CVar [[r.RHICmdBypass:0]]
[2020.04.23-05.57.16:928][  0]LogConfig: Applying CVar settings from Section [/Script/Engine.RendererSettings] File [C:/Users/cem/Documents/GitHub/MyProjectV1.0/Saved/Config/Windows/Engine.ini]
[2020.04.23-05.57.16:928][  0]LogConfig: Setting CVar [[r.GPUCrashDebugging:0]]
[2020.04.23-05.57.16:928][  0]LogConfig: Applying CVar settings from Section [/Script/Engine.RendererOverrideSettings] File [C:/Users/cem/Documents/GitHub/MyProjectV1.0/Saved/Config/Windows/Engine.ini]
[2020.04.23-05.57.16:928][  0]LogConfig: Applying CVar settings from Section [/Script/Engine.StreamingSettings] File [C:/Users/cem/Documents/GitHub/MyProjectV1.0/Saved/Config/Windows/Engine.ini]
[2020.04.23-05.57.16:928][  0]LogConfig: Setting CVar [[s.MinBulkDataSizeForAsyncLoading:131072]]
[2020.04.23-05.57.16:928][  0]LogConfig: Setting CVar [[s.AsyncLoadingThreadEnabled:0]]
[2020.04.23-05.57.16:928][  0]LogConfig: Setting CVar [[s.EventDrivenLoaderEnabled:1]]
[2020.04.23-05.57.16:928][  0]LogConfig: Setting CVar [[s.WarnIfTimeLimitExceeded:0]]
[2020.04.23-05.57.16:928][  0]LogConfig: Setting CVar [[s.TimeLimitExceededMultiplier:1.5]]
[2020.04.23-05.57.16:928][  0]LogConfig: Setting CVar [[s.TimeLimitExceededMinTime:0.005]]
[2020.04.23-05.57.16:928][  0]LogConfig: Setting CVar [[s.UseBackgroundLevelStreaming:1]]
[2020.04.23-05.57.16:928][  0]LogConfig: Setting CVar [[s.PriorityAsyncLoadingExtraTime:15.0]]
[2020.04.23-05.57.16:928][  0]LogConfig: Setting CVar [[s.LevelStreamingActorsUpdateTimeLimit:5.0]]
[2020.04.23-05.57.16:928][  0]LogConfig: Setting CVar [[s.PriorityLevelStreamingActorsUpdateExtraTime:5.0]]
[2020.04.23-05.57.16:929][  0]LogConfig: Setting CVar [[s.LevelStreamingComponentsRegistrationGranularity:10]]
[2020.04.23-05.57.16:929][  0]LogConfig: Setting CVar [[s.UnregisterComponentsTimeLimit:1.0]]
[2020.04.23-05.57.16:929][  0]LogConfig: Setting CVar [[s.LevelStreamingComponentsUnregistrationGranularity:5]]
[2020.04.23-05.57.16:929][  0]LogConfig: Setting CVar [[s.FlushStreamingOnExit:1]]
[2020.04.23-05.57.16:929][  0]LogConfig: Applying CVar settings from Section [/Script/Engine.GarbageCollectionSettings] File [C:/Users/cem/Documents/GitHub/MyProjectV1.0/Saved/Config/Windows/Engine.ini]
[2020.04.23-05.57.16:929][  0]LogConfig: Setting CVar [[gc.MaxObjectsNotConsideredByGC:1]]
[2020.04.23-05.57.16:929][  0]LogConfig: Setting CVar [[gc.SizeOfPermanentObjectPool:0]]
[2020.04.23-05.57.16:929][  0]LogConfig: Setting CVar [[gc.FlushStreamingOnGC:0]]
[2020.04.23-05.57.16:929][  0]LogConfig: Setting CVar [[gc.NumRetriesBeforeForcingGC:10]]
[2020.04.23-05.57.16:929][  0]LogConfig: Setting CVar [[gc.AllowParallelGC:1]]
[2020.04.23-05.57.16:929][  0]LogConfig: Setting CVar [[gc.TimeBetweenPurgingPendingKillObjects:61.1]]
[2020.04.23-05.57.16:929][  0]LogConfig: Setting CVar [[gc.MaxObjectsInEditor:25165824]]
[2020.04.23-05.57.16:929][  0]LogConfig: Setting CVar [[gc.IncrementalBeginDestroyEnabled:1]]
[2020.04.23-05.57.16:929][  0]LogConfig: Setting CVar [[gc.CreateGCClusters:1]]
[2020.04.23-05.57.16:929][  0]LogConfig: Setting CVar [[gc.MinGCClusterSize:5]]
[2020.04.23-05.57.16:929][  0]LogConfig: Setting CVar [[gc.ActorClusteringEnabled:0]]
[2020.04.23-05.57.16:929][  0]LogConfig: Setting CVar [[gc.BlueprintClusteringEnabled:0]]
[2020.04.23-05.57.16:929][  0]LogConfig: Setting CVar [[gc.UseDisregardForGCOnDedicatedServers:0]]
[2020.04.23-05.57.16:929][  0]LogConfig: Applying CVar settings from Section [/Script/Engine.NetworkSettings] File [C:/Users/cem/Documents/GitHub/MyProjectV1.0/Saved/Config/Windows/Engine.ini]
[2020.04.23-05.57.16:929][  0]LogConfig: Applying CVar settings from Section [/Script/UnrealEd.CookerSettings] File [C:/Users/cem/Documents/GitHub/MyProjectV1.0/Saved/Config/Windows/Engine.ini]
[2020.04.23-05.57.17:026][  0]LogConfig: Applying CVar settings from Section [ViewDistanceQuality@3] File [C:/Users/cem/Documents/GitHub/MyProjectV1.0/Saved/Config/Windows/Scalability.ini]
[2020.04.23-05.57.17:026][  0]LogConfig: Setting CVar [[r.SkeletalMeshLODBias:0]]
[2020.04.23-05.57.17:026][  0]LogConfig: Setting CVar [[r.ViewDistanceScale:1.0]]
[2020.04.23-05.57.17:026][  0]LogConfig: Applying CVar settings from Section [AntiAliasingQuality@3] File [C:/Users/cem/Documents/GitHub/MyProjectV1.0/Saved/Config/Windows/Scalability.ini]
[2020.04.23-05.57.17:026][  0]LogConfig: Setting CVar [[r.PostProcessAAQuality:4]]
[2020.04.23-05.57.17:026][  0]LogConfig: Applying CVar settings from Section [ShadowQuality@3] File [C:/Users/cem/Documents/GitHub/MyProjectV1.0/Saved/Config/Windows/Scalability.ini]
[2020.04.23-05.57.17:026][  0]LogConfig: Setting CVar [[r.LightFunctionQuality:1]]
[2020.04.23-05.57.17:026][  0]LogConfig: Setting CVar [[r.ShadowQuality:5]]
[2020.04.23-05.57.17:026][  0]LogConfig: Setting CVar [[r.Shadow.CSM.MaxCascades:10]]
[2020.04.23-05.57.17:026][  0]LogConfig: Setting CVar [[r.Shadow.MaxResolution:2048]]
[2020.04.23-05.57.17:026][  0]LogConfig: Setting CVar [[r.Shadow.MaxCSMResolution:2048]]
[2020.04.23-05.57.17:026][  0]LogConfig: Setting CVar [[r.Shadow.RadiusThreshold:0.01]]
[2020.04.23-05.57.17:026][  0]LogConfig: Setting CVar [[r.Shadow.DistanceScale:1.0]]
[2020.04.23-05.57.17:026][  0]LogConfig: Setting CVar [[r.Shadow.CSM.TransitionScale:1.0]]
[2020.04.23-05.57.17:026][  0]LogConfig: Setting CVar [[r.Shadow.PreShadowResolutionFactor:1.0]]
[2020.04.23-05.57.17:026][  0]LogConfig: Setting CVar [[r.DistanceFieldShadowing:1]]
[2020.04.23-05.57.17:026][  0]LogConfig: Setting CVar [[r.DistanceFieldAO:1]]
[2020.04.23-05.57.17:027][  0]LogConfig: Setting CVar [[r.AOQuality:2]]
[2020.04.23-05.57.17:027][  0]LogConfig: Setting CVar [[r.VolumetricFog:1]]
[2020.04.23-05.57.17:027][  0]LogConfig: Setting CVar [[r.VolumetricFog.GridPixelSize:8]]
[2020.04.23-05.57.17:027][  0]LogConfig: Setting CVar [[r.VolumetricFog.GridSizeZ:128]]
[2020.04.23-05.57.17:027][  0]LogConfig: Setting CVar [[r.VolumetricFog.HistoryMissSupersampleCount:4]]
[2020.04.23-05.57.17:027][  0]LogConfig: Setting CVar [[r.LightMaxDrawDistanceScale:1]]
[2020.04.23-05.57.17:027][  0]LogConfig: Setting CVar [[r.CapsuleShadows:1]]
[2020.04.23-05.57.17:027][  0]LogConfig: Applying CVar settings from Section [PostProcessQuality@3] File [C:/Users/cem/Documents/GitHub/MyProjectV1.0/Saved/Config/Windows/Scalability.ini]
[2020.04.23-05.57.17:027][  0]LogConfig: Setting CVar [[r.MotionBlurQuality:4]]
[2020.04.23-05.57.17:027][  0]LogConfig: Setting CVar [[r.AmbientOcclusionMipLevelFactor:0.4]]
[2020.04.23-05.57.17:027][  0]LogConfig: Setting CVar [[r.AmbientOcclusionMaxQuality:100]]
[2020.04.23-05.57.17:027][  0]LogConfig: Setting CVar [[r.AmbientOcclusionLevels:-1]]
[2020.04.23-05.57.17:027][  0]LogConfig: Setting CVar [[r.AmbientOcclusionRadiusScale:1.0]]
[2020.04.23-05.57.17:027][  0]LogConfig: Setting CVar [[r.DepthOfFieldQuality:2]]
[2020.04.23-05.57.17:027][  0]LogConfig: Setting CVar [[r.RenderTargetPoolMin:400]]
[2020.04.23-05.57.17:027][  0]LogConfig: Setting CVar [[r.LensFlareQuality:2]]
[2020.04.23-05.57.17:027][  0]LogConfig: Setting CVar [[r.SceneColorFringeQuality:1]]
[2020.04.23-05.57.17:027][  0]LogConfig: Setting CVar [[r.EyeAdaptationQuality:2]]
[2020.04.23-05.57.17:027][  0]LogConfig: Setting CVar [[r.BloomQuality:5]]
[2020.04.23-05.57.17:027][  0]LogConfig: Setting CVar [[r.FastBlurThreshold:100]]
[2020.04.23-05.57.17:027][  0]LogConfig: Setting CVar [[r.Upscale.Quality:3]]
[2020.04.23-05.57.17:028][  0]LogConfig: Setting CVar [[r.Tonemapper.GrainQuantization:1]]
[2020.04.23-05.57.17:028][  0]LogConfig: Setting CVar [[r.LightShaftQuality:1]]
[2020.04.23-05.57.17:028][  0]LogConfig: Setting CVar [[r.Filter.SizeScale:1]]
[2020.04.23-05.57.17:028][  0]LogConfig: Setting CVar [[r.Tonemapper.Quality:5]]
[2020.04.23-05.57.17:028][  0]LogConfig: Setting CVar [[r.DOF.Gather.AccumulatorQuality:1        ; higher gathering accumulator quality]]
[2020.04.23-05.57.17:028][  0]LogConfig: Setting CVar [[r.DOF.Gather.PostfilterMethod:1          ; Median3x3 postfilering method]]
[2020.04.23-05.57.17:028][  0]LogConfig: Setting CVar [[r.DOF.Gather.EnableBokehSettings:0       ; no bokeh simulation when gathering]]
[2020.04.23-05.57.17:028][  0]LogConfig: Setting CVar [[r.DOF.Gather.RingCount:4                 ; medium number of samples when gathering]]
[2020.04.23-05.57.17:028][  0]LogConfig: Setting CVar [[r.DOF.Scatter.ForegroundCompositing:1    ; additive foreground scattering]]
[2020.04.23-05.57.17:028][  0]LogConfig: Setting CVar [[r.DOF.Scatter.BackgroundCompositing:2    ; additive background scattering]]
[2020.04.23-05.57.17:028][  0]LogConfig: Setting CVar [[r.DOF.Scatter.EnableBokehSettings:1      ; bokeh simulation when scattering]]
[2020.04.23-05.57.17:028][  0]LogConfig: Setting CVar [[r.DOF.Scatter.MaxSpriteRatio:0.1         ; only a maximum of 10% of scattered bokeh]]
[2020.04.23-05.57.17:028][  0]LogConfig: Setting CVar [[r.DOF.Recombine.Quality:1                ; cheap slight out of focus]]
[2020.04.23-05.57.17:028][  0]LogConfig: Setting CVar [[r.DOF.Recombine.EnableBokehSettings:0    ; no bokeh simulation on slight out of focus]]
[2020.04.23-05.57.17:028][  0]LogConfig: Setting CVar [[r.DOF.TemporalAAQuality:1                ; more stable temporal accumulation]]
[2020.04.23-05.57.17:028][  0]LogConfig: Setting CVar [[r.DOF.Kernel.MaxForegroundRadius:0.025]]
[2020.04.23-05.57.17:028][  0]LogConfig: Setting CVar [[r.DOF.Kernel.MaxBackgroundRadius:0.025]]
[2020.04.23-05.57.17:028][  0]LogConfig: Applying CVar settings from Section [TextureQuality@3] File [C:/Users/cem/Documents/GitHub/MyProjectV1.0/Saved/Config/Windows/Scalability.ini]
[2020.04.23-05.57.17:028][  0]LogConfig: Setting CVar [[r.Streaming.MipBias:0]]
[2020.04.23-05.57.17:028][  0]LogConfig: Setting CVar [[r.Streaming.AmortizeCPUToGPUCopy:0]]
[2020.04.23-05.57.17:028][  0]LogConfig: Setting CVar [[r.Streaming.MaxNumTexturesToStreamPerFrame:0]]
[2020.04.23-05.57.17:028][  0]LogConfig: Setting CVar [[r.Streaming.Boost:1]]
[2020.04.23-05.57.17:029][  0]LogConfig: Setting CVar [[r.MaxAnisotropy:8]]
[2020.04.23-05.57.17:029][  0]LogConfig: Setting CVar [[r.VT.MaxAnisotropy:8]]
[2020.04.23-05.57.17:029][  0]LogConfig: Setting CVar [[r.Streaming.LimitPoolSizeToVRAM:0]]
[2020.04.23-05.57.17:029][  0]LogConfig: Setting CVar [[r.Streaming.PoolSize:1000]]
[2020.04.23-05.57.17:029][  0]LogConfig: Setting CVar [[r.Streaming.MaxEffectiveScreenSize:0]]
[2020.04.23-05.57.17:029][  0]LogConfig: Applying CVar settings from Section [EffectsQuality@3] File [C:/Users/cem/Documents/GitHub/MyProjectV1.0/Saved/Config/Windows/Scalability.ini]
[2020.04.23-05.57.17:029][  0]LogConfig: Setting CVar [[r.TranslucencyLightingVolumeDim:64]]
[2020.04.23-05.57.17:029][  0]LogConfig: Setting CVar [[r.RefractionQuality:2]]
[2020.04.23-05.57.17:029][  0]LogConfig: Setting CVar [[r.SSR.Quality:3]]
[2020.04.23-05.57.17:029][  0]LogConfig: Setting CVar [[r.SSR.HalfResSceneColor:0]]
[2020.04.23-05.57.17:029][  0]LogConfig: Setting CVar [[r.SceneColorFormat:4]]
[2020.04.23-05.57.17:029][  0]LogConfig: Setting CVar [[r.DetailMode:2]]
[2020.04.23-05.57.17:029][  0]LogConfig: Setting CVar [[r.TranslucencyVolumeBlur:1]]
[2020.04.23-05.57.17:029][  0]LogConfig: Setting CVar [[r.MaterialQualityLevel:1 ; High quality]]
[2020.04.23-05.57.17:029][  0]LogConfig: Setting CVar [[r.SSS.Scale:1]]
[2020.04.23-05.57.17:029][  0]LogConfig: Setting CVar [[r.SSS.SampleSet:2]]
[2020.04.23-05.57.17:029][  0]LogConfig: Setting CVar [[r.SSS.Quality:1]]
[2020.04.23-05.57.17:029][  0]LogConfig: Setting CVar [[r.SSS.HalfRes:1]]
[2020.04.23-05.57.17:029][  0]LogConfig: Setting CVar [[r.SSGI.Quality:3]]
[2020.04.23-05.57.17:029][  0]LogConfig: Setting CVar [[r.EmitterSpawnRateScale:1.0]]
[2020.04.23-05.57.17:029][  0]LogConfig: Setting CVar [[r.ParticleLightQuality:2]]
[2020.04.23-05.57.17:029][  0]LogConfig: Setting CVar [[r.SkyAtmosphere.AerialPerspectiveLUT.FastApplyOnOpaque:1 ; Always have FastSkyLUT 1 in this case to avoid wrong sky]]
[2020.04.23-05.57.17:029][  0]LogConfig: Setting CVar [[r.SkyAtmosphere.AerialPerspectiveLUT.SampleCountPerSlice:1]]
[2020.04.23-05.57.17:029][  0]LogConfig: Setting CVar [[r.SkyAtmosphere.AerialPerspectiveLUT.DepthResolution:16.0]]
[2020.04.23-05.57.17:029][  0]LogConfig: Setting CVar [[r.SkyAtmosphere.FastSkyLUT:1]]
[2020.04.23-05.57.17:030][  0]LogConfig: Setting CVar [[r.SkyAtmosphere.FastSkyLUT.SampleCountMin:4.0]]
[2020.04.23-05.57.17:030][  0]LogConfig: Setting CVar [[r.SkyAtmosphere.FastSkyLUT.SampleCountMax:32.0]]
[2020.04.23-05.57.17:030][  0]LogConfig: Setting CVar [[r.SkyAtmosphere.SampleCountMin:4.0]]
[2020.04.23-05.57.17:030][  0]LogConfig: Setting CVar [[r.SkyAtmosphere.SampleCountMax:32.0]]
[2020.04.23-05.57.17:030][  0]LogConfig: Setting CVar [[r.SkyAtmosphere.TransmittanceLUT.UseSmallFormat:0]]
[2020.04.23-05.57.17:030][  0]LogConfig: Setting CVar [[r.SkyAtmosphere.TransmittanceLUT.SampleCount:10.0]]
[2020.04.23-05.57.17:030][  0]LogConfig: Setting CVar [[r.SkyAtmosphere.MultiScatteringLUT.SampleCount:15.0]]
[2020.04.23-05.57.17:030][  0]LogConfig: Applying CVar settings from Section [FoliageQuality@3] File [C:/Users/cem/Documents/GitHub/MyProjectV1.0/Saved/Config/Windows/Scalability.ini]
[2020.04.23-05.57.17:030][  0]LogConfig: Setting CVar [[foliage.DensityScale:1.0]]
[2020.04.23-05.57.17:030][  0]LogConfig: Setting CVar [[grass.DensityScale:1.0]]
[2020.04.23-05.57.17:030][  0]LogConfig: Applying CVar settings from Section [ShadingQuality@3] File [C:/Users/cem/Documents/GitHub/MyProjectV1.0/Saved/Config/Windows/Scalability.ini]
[2020.04.23-05.57.17:030][  0]LogConfig: Setting CVar [[r.HairStrands.SkyLighting.SampleCount:16]]
[2020.04.23-05.57.17:030][  0]LogConfig: Setting CVar [[r.HairStrands.SkyLighting.JitterIntegration:0]]
[2020.04.23-05.57.17:030][  0]LogConfig: Setting CVar [[r.HairStrands.SkyAO.SampleCount:16]]
[2020.04.23-05.57.17:030][  0]LogInit: Selected Device Profile: [Windows]
[2020.04.23-05.57.17:030][  0]LogInit: Applying CVar settings loaded from the selected device profile: [Windows]
[2020.04.23-05.57.17:041][  0]LogHAL: Display: Platform has ~ 4 GB [4172455936 / 4294967296 / 4], which maps to Smallest [LargestMinGB=32, LargerMinGB=12, DefaultMinGB=8, SmallerMinGB=6, SmallestMinGB=0)
[2020.04.23-05.57.17:041][  0]LogInit: Going up to parent DeviceProfile []
[2020.04.23-05.57.17:041][  0]LogConfig: Applying CVar settings from Section [ViewDistanceQuality@3] File [C:/Users/cem/Documents/GitHub/MyProjectV1.0/Saved/Config/Windows/Scalability.ini]
[2020.04.23-05.57.17:041][  0]LogConfig: Setting CVar [[r.SkeletalMeshLODBias:0]]
[2020.04.23-05.57.17:041][  0]LogConfig: Setting CVar [[r.ViewDistanceScale:1.0]]
[2020.04.23-05.57.17:041][  0]LogConfig: Applying CVar settings from Section [AntiAliasingQuality@3] File [C:/Users/cem/Documents/GitHub/MyProjectV1.0/Saved/Config/Windows/Scalability.ini]
[2020.04.23-05.57.17:041][  0]LogConfig: Setting CVar [[r.PostProcessAAQuality:4]]
[2020.04.23-05.57.17:041][  0]LogConfig: Applying CVar settings from Section [ShadowQuality@3] File [C:/Users/cem/Documents/GitHub/MyProjectV1.0/Saved/Config/Windows/Scalability.ini]
[2020.04.23-05.57.17:041][  0]LogConfig: Setting CVar [[r.LightFunctionQuality:1]]
[2020.04.23-05.57.17:041][  0]LogConfig: Setting CVar [[r.ShadowQuality:5]]
[2020.04.23-05.57.17:041][  0]LogConfig: Setting CVar [[r.Shadow.CSM.MaxCascades:10]]
[2020.04.23-05.57.17:041][  0]LogConfig: Setting CVar [[r.Shadow.MaxResolution:2048]]
[2020.04.23-05.57.17:041][  0]LogConfig: Setting CVar [[r.Shadow.MaxCSMResolution:2048]]
[2020.04.23-05.57.17:041][  0]LogConfig: Setting CVar [[r.Shadow.RadiusThreshold:0.01]]
[2020.04.23-05.57.17:041][  0]LogConfig: Setting CVar [[r.Shadow.DistanceScale:1.0]]
[2020.04.23-05.57.17:041][  0]LogConfig: Setting CVar [[r.Shadow.CSM.TransitionScale:1.0]]
[2020.04.23-05.57.17:041][  0]LogConfig: Setting CVar [[r.Shadow.PreShadowResolutionFactor:1.0]]
[2020.04.23-05.57.17:041][  0]LogConfig: Setting CVar [[r.DistanceFieldShadowing:1]]
[2020.04.23-05.57.17:041][  0]LogConfig: Setting CVar [[r.DistanceFieldAO:1]]
[2020.04.23-05.57.17:041][  0]LogConfig: Setting CVar [[r.AOQuality:2]]
[2020.04.23-05.57.17:042][  0]LogConfig: Setting CVar [[r.VolumetricFog:1]]
[2020.04.23-05.57.17:042][  0]LogConfig: Setting CVar [[r.VolumetricFog.GridPixelSize:8]]
[2020.04.23-05.57.17:042][  0]LogConfig: Setting CVar [[r.VolumetricFog.GridSizeZ:128]]
[2020.04.23-05.57.17:042][  0]LogConfig: Setting CVar [[r.VolumetricFog.HistoryMissSupersampleCount:4]]
[2020.04.23-05.57.17:042][  0]LogConfig: Setting CVar [[r.LightMaxDrawDistanceScale:1]]
[2020.04.23-05.57.17:042][  0]LogConfig: Setting CVar [[r.CapsuleShadows:1]]
[2020.04.23-05.57.17:042][  0]LogConfig: Applying CVar settings from Section [PostProcessQuality@3] File [C:/Users/cem/Documents/GitHub/MyProjectV1.0/Saved/Config/Windows/Scalability.ini]
[2020.04.23-05.57.17:042][  0]LogConfig: Setting CVar [[r.MotionBlurQuality:4]]
[2020.04.23-05.57.17:042][  0]LogConfig: Setting CVar [[r.AmbientOcclusionMipLevelFactor:0.4]]
[2020.04.23-05.57.17:042][  0]LogConfig: Setting CVar [[r.AmbientOcclusionMaxQuality:100]]
[2020.04.23-05.57.17:042][  0]LogConfig: Setting CVar [[r.AmbientOcclusionLevels:-1]]
[2020.04.23-05.57.17:042][  0]LogConfig: Setting CVar [[r.AmbientOcclusionRadiusScale:1.0]]
[2020.04.23-05.57.17:042][  0]LogConfig: Setting CVar [[r.DepthOfFieldQuality:2]]
[2020.04.23-05.57.17:042][  0]LogConfig: Setting CVar [[r.RenderTargetPoolMin:400]]
[2020.04.23-05.57.17:042][  0]LogConfig: Setting CVar [[r.LensFlareQuality:2]]
[2020.04.23-05.57.17:042][  0]LogConfig: Setting CVar [[r.SceneColorFringeQuality:1]]
[2020.04.23-05.57.17:042][  0]LogConfig: Setting CVar [[r.EyeAdaptationQuality:2]]
[2020.04.23-05.57.17:042][  0]LogConfig: Setting CVar [[r.BloomQuality:5]]
[2020.04.23-05.57.17:042][  0]LogConfig: Setting CVar [[r.FastBlurThreshold:100]]
[2020.04.23-05.57.17:042][  0]LogConfig: Setting CVar [[r.Upscale.Quality:3]]
[2020.04.23-05.57.17:042][  0]LogConfig: Setting CVar [[r.Tonemapper.GrainQuantization:1]]
[2020.04.23-05.57.17:043][  0]LogConfig: Setting CVar [[r.LightShaftQuality:1]]
[2020.04.23-05.57.17:043][  0]LogConfig: Setting CVar [[r.Filter.SizeScale:1]]
[2020.04.23-05.57.17:043][  0]LogConfig: Setting CVar [[r.Tonemapper.Quality:5]]
[2020.04.23-05.57.17:043][  0]LogConfig: Setting CVar [[r.DOF.Gather.AccumulatorQuality:1        ; higher gathering accumulator quality]]
[2020.04.23-05.57.17:043][  0]LogConfig: Setting CVar [[r.DOF.Gather.PostfilterMethod:1          ; Median3x3 postfilering method]]
[2020.04.23-05.57.17:043][  0]LogConfig: Setting CVar [[r.DOF.Gather.EnableBokehSettings:0       ; no bokeh simulation when gathering]]
[2020.04.23-05.57.17:043][  0]LogConfig: Setting CVar [[r.DOF.Gather.RingCount:4                 ; medium number of samples when gathering]]
[2020.04.23-05.57.17:043][  0]LogConfig: Setting CVar [[r.DOF.Scatter.ForegroundCompositing:1    ; additive foreground scattering]]
[2020.04.23-05.57.17:043][  0]LogConfig: Setting CVar [[r.DOF.Scatter.BackgroundCompositing:2    ; additive background scattering]]
[2020.04.23-05.57.17:043][  0]LogConfig: Setting CVar [[r.DOF.Scatter.EnableBokehSettings:1      ; bokeh simulation when scattering]]
[2020.04.23-05.57.17:043][  0]LogConfig: Setting CVar [[r.DOF.Scatter.MaxSpriteRatio:0.1         ; only a maximum of 10% of scattered bokeh]]
[2020.04.23-05.57.17:043][  0]LogConfig: Setting CVar [[r.DOF.Recombine.Quality:1                ; cheap slight out of focus]]
[2020.04.23-05.57.17:043][  0]LogConfig: Setting CVar [[r.DOF.Recombine.EnableBokehSettings:0    ; no bokeh simulation on slight out of focus]]
[2020.04.23-05.57.17:043][  0]LogConfig: Setting CVar [[r.DOF.TemporalAAQuality:1                ; more stable temporal accumulation]]
[2020.04.23-05.57.17:044][  0]LogConfig: Setting CVar [[r.DOF.Kernel.MaxForegroundRadius:0.025]]
[2020.04.23-05.57.17:044][  0]LogConfig: Setting CVar [[r.DOF.Kernel.MaxBackgroundRadius:0.025]]
[2020.04.23-05.57.17:044][  0]LogConfig: Applying CVar settings from Section [TextureQuality@3] File [C:/Users/cem/Documents/GitHub/MyProjectV1.0/Saved/Config/Windows/Scalability.ini]
[2020.04.23-05.57.17:044][  0]LogConfig: Setting CVar [[r.Streaming.MipBias:0]]
[2020.04.23-05.57.17:044][  0]LogConfig: Setting CVar [[r.Streaming.AmortizeCPUToGPUCopy:0]]
[2020.04.23-05.57.17:044][  0]LogConfig: Setting CVar [[r.Streaming.MaxNumTexturesToStreamPerFrame:0]]
[2020.04.23-05.57.17:044][  0]LogConfig: Setting CVar [[r.Streaming.Boost:1]]
[2020.04.23-05.57.17:044][  0]LogConfig: Setting CVar [[r.MaxAnisotropy:8]]
[2020.04.23-05.57.17:044][  0]LogConfig: Setting CVar [[r.VT.MaxAnisotropy:8]]
[2020.04.23-05.57.17:044][  0]LogConfig: Setting CVar [[r.Streaming.LimitPoolSizeToVRAM:0]]
[2020.04.23-05.57.17:044][  0]LogConfig: Setting CVar [[r.Streaming.PoolSize:1000]]
[2020.04.23-05.57.17:044][  0]LogConfig: Setting CVar [[r.Streaming.MaxEffectiveScreenSize:0]]
[2020.04.23-05.57.17:044][  0]LogConfig: Applying CVar settings from Section [EffectsQuality@3] File [C:/Users/cem/Documents/GitHub/MyProjectV1.0/Saved/Config/Windows/Scalability.ini]
[2020.04.23-05.57.17:045][  0]LogConfig: Setting CVar [[r.TranslucencyLightingVolumeDim:64]]
[2020.04.23-05.57.17:045][  0]LogConfig: Setting CVar [[r.RefractionQuality:2]]
[2020.04.23-05.57.17:045][  0]LogConfig: Setting CVar [[r.SSR.Quality:3]]
[2020.04.23-05.57.17:045][  0]LogConfig: Setting CVar [[r.SSR.HalfResSceneColor:0]]
[2020.04.23-05.57.17:045][  0]LogConfig: Setting CVar [[r.SceneColorFormat:4]]
[2020.04.23-05.57.17:045][  0]LogConfig: Setting CVar [[r.DetailMode:2]]
[2020.04.23-05.57.17:045][  0]LogConfig: Setting CVar [[r.TranslucencyVolumeBlur:1]]
[2020.04.23-05.57.17:045][  0]LogConfig: Setting CVar [[r.MaterialQualityLevel:1 ; High quality]]
[2020.04.23-05.57.17:045][  0]LogConfig: Setting CVar [[r.SSS.Scale:1]]
[2020.04.23-05.57.17:045][  0]LogConfig: Setting CVar [[r.SSS.SampleSet:2]]
[2020.04.23-05.57.17:045][  0]LogConfig: Setting CVar [[r.SSS.Quality:1]]
[2020.04.23-05.57.17:045][  0]LogConfig: Setting CVar [[r.SSS.HalfRes:1]]
[2020.04.23-05.57.17:045][  0]LogConfig: Setting CVar [[r.SSGI.Quality:3]]
[2020.04.23-05.57.17:045][  0]LogConfig: Setting CVar [[r.EmitterSpawnRateScale:1.0]]
[2020.04.23-05.57.17:045][  0]LogConfig: Setting CVar [[r.ParticleLightQuality:2]]
[2020.04.23-05.57.17:045][  0]LogConfig: Setting CVar [[r.SkyAtmosphere.AerialPerspectiveLUT.FastApplyOnOpaque:1 ; Always have FastSkyLUT 1 in this case to avoid wrong sky]]
[2020.04.23-05.57.17:046][  0]LogConfig: Setting CVar [[r.SkyAtmosphere.AerialPerspectiveLUT.SampleCountPerSlice:1]]
[2020.04.23-05.57.17:046][  0]LogConfig: Setting CVar [[r.SkyAtmosphere.AerialPerspectiveLUT.DepthResolution:16.0]]
[2020.04.23-05.57.17:046][  0]LogConfig: Setting CVar [[r.SkyAtmosphere.FastSkyLUT:1]]
[2020.04.23-05.57.17:046][  0]LogConfig: Setting CVar [[r.SkyAtmosphere.FastSkyLUT.SampleCountMin:4.0]]
[2020.04.23-05.57.17:046][  0]LogConfig: Setting CVar [[r.SkyAtmosphere.FastSkyLUT.SampleCountMax:32.0]]
[2020.04.23-05.57.17:046][  0]LogConfig: Setting CVar [[r.SkyAtmosphere.SampleCountMin:4.0]]
[2020.04.23-05.57.17:046][  0]LogConfig: Setting CVar [[r.SkyAtmosphere.SampleCountMax:32.0]]
[2020.04.23-05.57.17:046][  0]LogConfig: Setting CVar [[r.SkyAtmosphere.TransmittanceLUT.UseSmallFormat:0]]
[2020.04.23-05.57.17:046][  0]LogConfig: Setting CVar [[r.SkyAtmosphere.TransmittanceLUT.SampleCount:10.0]]
[2020.04.23-05.57.17:046][  0]LogConfig: Setting CVar [[r.SkyAtmosphere.MultiScatteringLUT.SampleCount:15.0]]
[2020.04.23-05.57.17:046][  0]LogConfig: Applying CVar settings from Section [FoliageQuality@3] File [C:/Users/cem/Documents/GitHub/MyProjectV1.0/Saved/Config/Windows/Scalability.ini]
[2020.04.23-05.57.17:046][  0]LogConfig: Setting CVar [[foliage.DensityScale:1.0]]
[2020.04.23-05.57.17:046][  0]LogConfig: Setting CVar [[grass.DensityScale:1.0]]
[2020.04.23-05.57.17:046][  0]LogConfig: Applying CVar settings from Section [ShadingQuality@3] File [C:/Users/cem/Documents/GitHub/MyProjectV1.0/Saved/Config/Windows/Scalability.ini]
[2020.04.23-05.57.17:046][  0]LogConfig: Setting CVar [[r.HairStrands.SkyLighting.SampleCount:16]]
[2020.04.23-05.57.17:046][  0]LogConfig: Setting CVar [[r.HairStrands.SkyLighting.JitterIntegration:0]]
[2020.04.23-05.57.17:046][  0]LogConfig: Setting CVar [[r.HairStrands.SkyAO.SampleCount:16]]
[2020.04.23-05.57.17:046][  0]LogConfig: Applying CVar settings from Section [Startup] File [../../../Engine/Config/ConsoleVariables.ini]
[2020.04.23-05.57.17:047][  0]LogConfig: Setting CVar [[net.UseAdaptiveNetUpdateFrequency:0]]
[2020.04.23-05.57.17:047][  0]LogConfig: Setting CVar [[p.chaos.AllowCreatePhysxBodies:1]]
[2020.04.23-05.57.17:047][  0]LogConfig: Applying CVar settings from Section [ConsoleVariables] File [C:/Users/cem/Documents/GitHub/MyProjectV1.0/Saved/Config/Windows/Engine.ini]
[2020.04.23-05.57.17:047][  0]LogInit: Computer: ORESCOMPUTERS
[2020.04.23-05.57.17:047][  0]LogInit: User: cem
[2020.04.23-05.57.17:047][  0]LogInit: CPU Page size=4096, Cores=2
[2020.04.23-05.57.17:047][  0]LogInit: High frequency timer resolution =2.435908 MHz
[2020.04.23-05.57.17:048][  0]LogMemory: Memory total: Physical=3.9GB (4GB approx)
[2020.04.23-05.57.17:048][  0]LogMemory: Platform Memory Stats for Windows
[2020.04.23-05.57.17:048][  0]LogMemory: Process Physical Memory: 104.84 MB used, 104.84 MB peak
[2020.04.23-05.57.17:048][  0]LogMemory: Process Virtual Memory: 103.16 MB used, 103.16 MB peak
[2020.04.23-05.57.17:048][  0]LogMemory: Physical Memory: 3366.45 MB used,  612.71 MB free, 3979.16 MB total
[2020.04.23-05.57.17:048][  0]LogMemory: Virtual Memory: 1006.34 MB used,  8387601.50 MB free, 8388608.00 MB total
[2020.04.23-05.57.17:208][  0]LogWindows: WindowsPlatformFeatures enabled
[2020.04.23-05.57.17:268][  0]LogInit: Using OS detected language (tr-TR).
[2020.04.23-05.57.17:268][  0]LogInit: Using OS detected locale (tr-TR).
[2020.04.23-05.57.17:270][  0]LogTextLocalizationManager: No localization for 'tr-TR' exists, so 'en' will be used for the language.
[2020.04.23-05.57.18:116][  0]LogWindows: Failed to load 'shcore.dll' (GetLastError=126)
[2020.04.23-05.57.18:116][  0]LogWindows: File 'shcore.dll' does not exist
[2020.04.23-05.57.18:117][  0]LogInit: Setting process to DPI aware
[2020.04.23-05.57.18:332][  0]LogSlate: New Slate User Created.  User Index 0, Is Virtual User: 0
[2020.04.23-05.57.18:332][  0]LogSlate: Slate User Registered.  User Index 0, Is Virtual User: 0
[2020.04.23-05.57.25:737][  0]LogHMD: Failed to initialize OpenVR with code 110
[2020.04.23-05.57.25:737][  0]LogD3D11RHI: D3D11 min allowed feature level: 11_0
[2020.04.23-05.57.25:737][  0]LogD3D11RHI: D3D11 max allowed feature level: 11_0
[2020.04.23-05.57.25:737][  0]LogD3D11RHI: D3D11 adapters:
[2020.04.23-05.57.26:747][  0]LogD3D11RHI:    0. 'NVIDIA GeForce GT 635M' (Feature Level 11_0)
[2020.04.23-05.57.26:747][  0]LogD3D11RHI:       969/0/1733 MB DedicatedVideo/DedicatedSystem/SharedSystem, Outputs:1, VendorId:0x10de
[2020.04.23-05.57.26:881][  0]LogD3D11RHI:    1. 'NVIDIA GeForce GT 635M' (Feature Level 11_0)
[2020.04.23-05.57.26:881][  0]LogD3D11RHI:       969/0/1733 MB DedicatedVideo/DedicatedSystem/SharedSystem, Outputs:0, VendorId:0x10de
[2020.04.23-05.57.26:882][  0]LogD3D11RHI: Chosen D3D11 Adapter: 0
[2020.04.23-05.57.26:918][  0]LogD3D11RHI: Creating new Direct3DDevice
[2020.04.23-05.57.26:918][  0]LogD3D11RHI:     GPU DeviceId: 0xde9 (for the marketing name, search the web for "GPU Device Id")
[2020.04.23-05.57.26:919][  0]LogWindows: EnumDisplayDevices:
[2020.04.23-05.57.26:921][  0]LogWindows:    0. 'Intel(R) HD Graphics 4000' (P:1 D:1)
[2020.04.23-05.57.26:922][  0]LogWindows:    1. 'Intel(R) HD Graphics 4000' (P:0 D:0)
[2020.04.23-05.57.26:930][  0]LogWindows:    2. 'Intel(R) HD Graphics 4000' (P:0 D:0)
[2020.04.23-05.57.26:931][  0]LogWindows:    3. 'NVIDIA GeForce GT 635M' (P:0 D:0)
[2020.04.23-05.57.26:932][  0]LogWindows:    4. 'RDPDD Chained DD' (P:0 D:0)
[2020.04.23-05.57.26:933][  0]LogWindows:    5. 'RDP Encoder Mirror Driver' (P:0 D:0)
[2020.04.23-05.57.26:934][  0]LogWindows:    6. 'RDP Reflector Display Driver' (P:0 D:0)
[2020.04.23-05.57.26:935][  0]LogWindows: DebugString: PrimaryIsNotTheChoosenAdapter PrimaryIsNotTheChoosenAdapter PrimaryIsNotTheChoosenAdapter GetVideoDriverDetailsInvalid PrimaryIsNotTheChoosenAdapter GetVideoDriverDetailsInvalid PrimaryIsNotTheChoosenAdapter GetVideoDriverDetailsInvalid PrimaryIsNotTheChoosenAdapter 
[2020.04.23-05.57.26:935][  0]LogD3D11RHI:     Adapter Name: NVIDIA GeForce GT 635M
[2020.04.23-05.57.26:935][  0]LogD3D11RHI:   Driver Version: 391.35 (internal:23.21.13.9135, unified:391.35)
[2020.04.23-05.57.26:935][  0]LogD3D11RHI:      Driver Date: 3-23-2018
[2020.04.23-05.57.26:935][  0]LogRHI: Texture pool is 678 MB (70% of 969 MB)
[2020.04.23-05.57.27:001][  0]LogD3D11RHI: Display: Timestamp queries are currently disabled on this hardware due to instability. Realtime GPU stats will not be available. You can override this behaviour by setting r.NVIDIATimestampWorkaround to 0
[2020.04.23-05.57.27:001][  0]LogD3D11RHI: RHI does not have support for 64 bit atomics
[2020.04.23-05.57.27:002][  0]LogD3D11RHI: Async texture creation enabled
[2020.04.23-05.57.27:060][  0]LogD3D11RHI: GPU Timing Frequency: 1000.000000 (Debug: 2 3)
[2020.04.23-05.57.37:937][  0]LogTargetPlatformManager: Display: Loaded TargetPlatform 'AllDesktop'
[2020.04.23-05.57.38:047][  0]LogTargetPlatformManager: Display: Loaded TargetPlatform 'Android'
[2020.04.23-05.57.38:047][  0]LogTargetPlatformManager: Display: Loaded TargetPlatform 'Android_ASTC'
[2020.04.23-05.57.38:047][  0]LogTargetPlatformManager: Display: Loaded TargetPlatform 'Android_ATC'
[2020.04.23-05.57.38:047][  0]LogTargetPlatformManager: Display: Loaded TargetPlatform 'Android_DXT'
[2020.04.23-05.57.38:047][  0]LogTargetPlatformManager: Display: Loaded TargetPlatform 'Android_ETC1'
[2020.04.23-05.57.38:047][  0]LogTargetPlatformManager: Display: Loaded TargetPlatform 'Android_ETC1a'
[2020.04.23-05.57.38:047][  0]LogTargetPlatformManager: Display: Loaded TargetPlatform 'Android_ETC2'
[2020.04.23-05.57.38:047][  0]LogTargetPlatformManager: Display: Loaded TargetPlatform 'Android_PVRTC'
[2020.04.23-05.57.38:047][  0]LogTargetPlatformManager: Display: Loaded TargetPlatform 'AndroidClient'
[2020.04.23-05.57.38:047][  0]LogTargetPlatformManager: Display: Loaded TargetPlatform 'Android_ASTCClient'
[2020.04.23-05.57.38:047][  0]LogTargetPlatformManager: Display: Loaded TargetPlatform 'Android_ATCClient'
[2020.04.23-05.57.38:048][  0]LogTargetPlatformManager: Display: Loaded TargetPlatform 'Android_DXTClient'
[2020.04.23-05.57.38:048][  0]LogTargetPlatformManager: Display: Loaded TargetPlatform 'Android_ETC1Client'
[2020.04.23-05.57.38:048][  0]LogTargetPlatformManager: Display: Loaded TargetPlatform 'Android_ETC1aClient'
[2020.04.23-05.57.38:048][  0]LogTargetPlatformManager: Display: Loaded TargetPlatform 'Android_ETC2Client'
[2020.04.23-05.57.38:048][  0]LogTargetPlatformManager: Display: Loaded TargetPlatform 'Android_PVRTCClient'
[2020.04.23-05.57.38:048][  0]LogTargetPlatformManager: Display: Loaded TargetPlatform 'Android_Multi'
[2020.04.23-05.57.38:048][  0]LogTargetPlatformManager: Display: Loaded TargetPlatform 'Android_MultiClient'
[2020.04.23-05.57.38:096][  0]LogTargetPlatformManager: Display: Loaded TargetPlatform 'IOSClient'
[2020.04.23-05.57.38:096][  0]LogTargetPlatformManager: Display: Loaded TargetPlatform 'IOS'
[2020.04.23-05.57.38:178][  0]LogTargetPlatformManager: Display: Loaded TargetPlatform 'LinuxNoEditor'
[2020.04.23-05.57.38:323][  0]LogTargetPlatformManager: Display: Loaded TargetPlatform 'LinuxClient'
[2020.04.23-05.57.38:477][  0]LogTargetPlatformManager: Display: Loaded TargetPlatform 'LinuxServer'
[2020.04.23-05.57.38:600][  0]LogTargetPlatformManager: Display: Loaded TargetPlatform 'LinuxAArch64NoEditor'
[2020.04.23-05.57.38:789][  0]LogTargetPlatformManager: Display: Loaded TargetPlatform 'LinuxAArch64Client'
[2020.04.23-05.57.38:853][  0]LogTargetPlatformManager: Display: Loaded TargetPlatform 'LinuxAArch64Server'
[2020.04.23-05.57.39:023][  0]LogTargetPlatformManager: Display: Loaded TargetPlatform 'Lumin'
[2020.04.23-05.57.39:023][  0]LogTargetPlatformManager: Display: Loaded TargetPlatform 'LuminClient'
[2020.04.23-05.57.39:118][  0]LogTargetPlatformManager: Display: Loaded TargetPlatform 'TVOSClient'
[2020.04.23-05.57.39:118][  0]LogTargetPlatformManager: Display: Loaded TargetPlatform 'TVOS'
[2020.04.23-05.57.39:188][  0]LogTargetPlatformManager: Display: Loaded TargetPlatform 'WindowsNoEditor'
[2020.04.23-05.57.39:346][  0]LogTargetPlatformManager: Display: Loaded TargetPlatform 'Windows'
[2020.04.23-05.57.39:415][  0]LogTargetPlatformManager: Display: Loaded TargetPlatform 'WindowsClient'
[2020.04.23-05.57.39:486][  0]LogTargetPlatformManager: Display: Loaded TargetPlatform 'WindowsServer'
[2020.04.23-05.57.39:486][  0]LogTargetPlatformManager: Display: Building Assets For Windows
[2020.04.23-05.57.39:798][  0]LogAudioDebug: Display: Lib vorbis DLL was dynamically loaded.
[2020.04.23-05.57.40:351][  0]LogShaderCompilers: Guid format shader working directory is -14 characters bigger than the processId version (../../../../../../Users/cem/Documents/GitHub/MyProjectV1.0/Intermediate/Shaders/WorkingDirectory/5504/).
[2020.04.23-05.57.40:352][  0]LogShaderCompilers: Cleaned the shader compiler working directory 'C:/Users/cem/AppData/Local/Temp/UnrealShaderWorkingDir/328C3DF74FCB0819E564698C3E104013/'.
[2020.04.23-05.57.40:368][  0]LogXGEController: Cannot use XGE Controller as Incredibuild is not installed on this machine.
[2020.04.23-05.57.40:368][  0]LogShaderCompilers: Cannot use XGE Shader Compiler as Incredibuild is not installed on this machine.
[2020.04.23-05.57.40:368][  0]LogShaderCompilers: Display: Using Local Shader Compiler.
[2020.04.23-05.57.52:693][  0]LogDerivedDataCache: Display: Max Cache Size: 512 MB
[2020.04.23-05.57.54:716][  0]LogDerivedDataCache: Loaded boot cache 2.02s 78MB C:/Users/cem/AppData/Local/UnrealEngine/4.24/DerivedDataCache/Boot.ddc.
[2020.04.23-05.57.54:721][  0]LogDerivedDataCache: Display: Loaded Boot cache: C:/Users/cem/AppData/Local/UnrealEngine/4.24/DerivedDataCache/Boot.ddc
[2020.04.23-05.57.54:721][  0]LogDerivedDataCache: FDerivedDataBackendGraph:  Pak pak cache file ../../../../../../Users/cem/Documents/GitHub/MyProjectV1.0/DerivedDataCache/DDC.ddp not found, will not use a pak cache.
[2020.04.23-05.57.54:721][  0]LogDerivedDataCache: Unable to find inner node Pak for hierarchical cache Hierarchy.
[2020.04.23-05.57.54:721][  0]LogDerivedDataCache: FDerivedDataBackendGraph:  CompressedPak pak cache file ../../../../../../Users/cem/Documents/GitHub/MyProjectV1.0/DerivedDataCache/Compressed.ddp not found, will not use a pak cache.
[2020.04.23-05.57.54:721][  0]LogDerivedDataCache: Unable to find inner node CompressedPak for hierarchical cache Hierarchy.
[2020.04.23-05.57.54:791][  0]LogDerivedDataCache: Display: Pak cache opened for reading ../../../Engine/DerivedDataCache/Compressed.ddp.
[2020.04.23-05.57.54:791][  0]LogDerivedDataCache: FDerivedDataBackendGraph:  EnterprisePak pak cache file ../../../Enterprise/DerivedDataCache/Compressed.ddp not found, will not use a pak cache.
[2020.04.23-05.57.54:791][  0]LogDerivedDataCache: Unable to find inner node EnterprisePak for hierarchical cache Hierarchy.
[2020.04.23-05.57.55:173][  0]LogDerivedDataCache: Using Local data cache path C:/Users/cem/AppData/Local/UnrealEngine/Common/DerivedDataCache: Writable
[2020.04.23-05.57.55:174][  0]LogDerivedDataCache: Shared data cache path not found in *engine.ini, will not use an Shared cache.
[2020.04.23-05.57.55:174][  0]LogDerivedDataCache: Unable to find inner node Shared for hierarchical cache Hierarchy.
[2020.04.23-05.57.55:313][  0]LogMaterial: Verifying Global Shaders for PCD3D_SM5
[2020.04.23-05.57.55:324][  0]LogSlate: Using FreeType 2.10.0
[2020.04.23-05.57.56:287][  0]LogSlate: SlateFontServices - WITH_FREETYPE: 1, WITH_HARFBUZZ: 1
[2020.04.23-05.58.03:745][  0]LogAssetRegistry: FAssetRegistry took 0.0161 seconds to start up
[2020.04.23-05.58.05:763][  0]LogInit: Selected Device Profile: [Windows]
[2020.04.23-05.58.09:657][  0]LogMeshReduction: Using QuadricMeshReduction for automatic static mesh reduction
[2020.04.23-05.58.09:657][  0]LogMeshReduction: Using SimplygonMeshReduction for automatic skeletal mesh reduction
[2020.04.23-05.58.09:657][  0]LogMeshReduction: Using ProxyLODMeshReduction for automatic mesh merging
[2020.04.23-05.58.09:657][  0]LogMeshReduction: No distributed automatic mesh merging module available
[2020.04.23-05.58.09:658][  0]LogMeshMerging: No distributed automatic mesh merging module available
[2020.04.23-05.58.09:748][  0]LogNetVersion: MyProjectV1 1.0.0, NetCL: 10570792, EngineNetVer: 13, GameNetVer: 0 (Checksum: 1559163689)
[2020.04.23-05.59.20:495][  0]LogAssetRegistry: Error: Failed to open file for write ../../../../../../Users/cem/Documents/GitHub/MyProjectV1.0/Intermediate/AssetRegistryCache/8e9331e2.bin
[2020.04.23-05.59.20:513][  0]LogFileManager: Warning: MoveFile was unable to move '../../../../../../Users/cem/Documents/GitHub/MyProjectV1.0/Intermediate/AssetRegistryCache/52ed2538.bin.tmp' to '../../../../../../Users/cem/Documents/GitHub/MyProjectV1.0/Intermediate/AssetRegistryCache/52ed2538.bin', retrying in .5s...
[2020.04.23-05.59.21:015][  0]LogFileManager: Warning: MoveFile was unable to move '../../../../../../Users/cem/Documents/GitHub/MyProjectV1.0/Intermediate/AssetRegistryCache/52ed2538.bin.tmp' to '../../../../../../Users/cem/Documents/GitHub/MyProjectV1.0/Intermediate/AssetRegistryCache/52ed2538.bin', retrying in .5s...
[2020.04.23-05.59.21:515][  0]LogFileManager: Warning: MoveFile was unable to move '../../../../../../Users/cem/Documents/GitHub/MyProjectV1.0/Intermediate/AssetRegistryCache/52ed2538.bin.tmp' to '../../../../../../Users/cem/Documents/GitHub/MyProjectV1.0/Intermediate/AssetRegistryCache/52ed2538.bin', retrying in .5s...
[2020.04.23-05.59.22:016][  0]LogFileManager: Warning: MoveFile was unable to move '../../../../../../Users/cem/Documents/GitHub/MyProjectV1.0/Intermediate/AssetRegistryCache/52ed2538.bin.tmp' to '../../../../../../Users/cem/Documents/GitHub/MyProjectV1.0/Intermediate/AssetRegistryCache/52ed2538.bin', retrying in .5s...
[2020.04.23-05.59.22:516][  0]LogFileManager: Warning: MoveFile was unable to move '../../../../../../Users/cem/Documents/GitHub/MyProjectV1.0/Intermediate/AssetRegistryCache/52ed2538.bin.tmp' to '../../../../../../Users/cem/Documents/GitHub/MyProjectV1.0/Intermediate/AssetRegistryCache/52ed2538.bin', retrying in .5s...
[2020.04.23-05.59.23:016][  0]LogFileManager: Warning: MoveFile was unable to move '../../../../../../Users/cem/Documents/GitHub/MyProjectV1.0/Intermediate/AssetRegistryCache/52ed2538.bin.tmp' to '../../../../../../Users/cem/Documents/GitHub/MyProjectV1.0/Intermediate/AssetRegistryCache/52ed2538.bin', retrying in .5s...
[2020.04.23-05.59.23:517][  0]LogFileManager: Warning: MoveFile was unable to move '../../../../../../Users/cem/Documents/GitHub/MyProjectV1.0/Intermediate/AssetRegistryCache/52ed2538.bin.tmp' to '../../../../../../Users/cem/Documents/GitHub/MyProjectV1.0/Intermediate/AssetRegistryCache/52ed2538.bin', retrying in .5s...
[2020.04.23-05.59.24:018][  0]LogFileManager: Warning: MoveFile was unable to move '../../../../../../Users/cem/Documents/GitHub/MyProjectV1.0/Intermediate/AssetRegistryCache/52ed2538.bin.tmp' to '../../../../../../Users/cem/Documents/GitHub/MyProjectV1.0/Intermediate/AssetRegistryCache/52ed2538.bin', retrying in .5s...
[2020.04.23-05.59.24:519][  0]LogFileManager: Warning: MoveFile was unable to move '../../../../../../Users/cem/Documents/GitHub/MyProjectV1.0/Intermediate/AssetRegistryCache/52ed2538.bin.tmp' to '../../../../../../Users/cem/Documents/GitHub/MyProjectV1.0/Intermediate/AssetRegistryCache/52ed2538.bin', retrying in .5s...
[2020.04.23-05.59.25:019][  0]LogFileManager: Warning: MoveFile was unable to move '../../../../../../Users/cem/Documents/GitHub/MyProjectV1.0/Intermediate/AssetRegistryCache/52ed2538.bin.tmp' to '../../../../../../Users/cem/Documents/GitHub/MyProjectV1.0/Intermediate/AssetRegistryCache/52ed2538.bin', retrying in .5s...
[2020.04.23-05.59.25:519][  0]LogFileManager: Error: Error moving file '../../../../../../Users/cem/Documents/GitHub/MyProjectV1.0/Intermediate/AssetRegistryCache/52ed2538.bin.tmp' to '../../../../../../Users/cem/Documents/GitHub/MyProjectV1.0/Intermediate/AssetRegistryCache/52ed2538.bin'.
[2020.04.23-05.59.25:613][  0]LogPackageLocalizationCache: Processed 10 localized package path(s) for 1 prioritized culture(s) in 5.381707 seconds
[2020.04.23-05.59.25:650][  0]LogUObjectArray: 46750 objects as part of root set at end of initial load.
[2020.04.23-05.59.25:650][  0]LogUObjectAllocator: 8137160 out of 0 bytes used by permanent object pool.
[2020.04.23-05.59.25:650][  0]LogUObjectArray: CloseDisregardForGC: 0/0 objects in disregard for GC pool
[2020.04.23-05.59.34:685][  0]LogTcpMessaging: Initializing TcpMessaging bridge
[2020.04.23-05.59.34:783][  0]LogUdpMessaging: Initializing bridge on interface 0.0.0.0:0 to multicast group 230.0.0.1:6666.
[2020.04.23-05.59.37:616][  0]SourceControl: Source control is disabled
[2020.04.23-05.59.37:919][  0]LogWindows: Warning: CreateProc failed: Sistem belirtilen dosyayı bulamıyor. (0x00000002)
[2020.04.23-05.59.37:919][  0]LogWindows: Warning: URL: D:/Program Files/Git/bin/git.exe version
[2020.04.23-05.59.38:169][  0]LogWindows: Warning: CreateProc failed: Sistem belirtilen dosyayı bulamıyor. (0x00000002)
[2020.04.23-05.59.38:170][  0]LogWindows: Warning: URL: D:/Program Files/Git/bin/git.exe version
[2020.04.23-05.59.38:269][  0]LogWindows: Warning: CreateProc failed: Sistem belirtilen dosyayı bulamıyor. (0x00000002)
[2020.04.23-05.59.38:269][  0]LogWindows: Warning: URL: D:/Program Files/Git/bin/git.exe version
[2020.04.23-05.59.38:335][  0]LogWindows: Warning: CreateProc failed: Sistem belirtilen dosyayı bulamıyor. (0x00000002)
[2020.04.23-05.59.38:335][  0]LogWindows: Warning: URL: D:/Program Files/Git/bin/git.exe version
[2020.04.23-05.59.38:829][  0]LogVSAccessor: Display: Unable to create Visual Studio setup instance: 80040154
[2020.04.23-05.59.38:831][  0]LogVSAccessor: Display: Unable to create Visual Studio setup instance: 80040154
[2020.04.23-05.59.42:319][  0]LogAndroidPermission: UAndroidPermissionCallbackProxy::GetInstance
[2020.04.23-05.59.42:644][  0]LogAudioCaptureCore: Display: No Audio Capture implementations found. Audio input will be silent.
[2020.04.23-05.59.42:644][  0]LogAudioCaptureCore: Display: No Audio Capture implementations found. Audio input will be silent.
[2020.04.23-05.59.44:266][  0]LogOcInput: OculusInput pre-init called
[2020.04.23-05.59.44:302][  0]LogWindows: Failed to load 'OVRPlugin.dll' (GetLastError=126)
[2020.04.23-05.59.44:302][  0]LogWindows: File 'OVRPlugin.dll' does not exist
[2020.04.23-05.59.45:274][  0]LogEngine: Initializing Engine...
[2020.04.23-05.59.45:329][  0]LogHMD: Failed to initialize OpenVR with code 110
[2020.04.23-05.59.45:335][  0]LogStats: UGameplayTagsManager::InitializeManager -  0.001 s
[2020.04.23-05.59.47:849][  0]LogInit: Initializing FReadOnlyCVARCache
[2020.04.23-06.00.05:791][  0]LogAIModule: Creating AISystem for world Untitled
[2020.04.23-06.00.12:990][  0]LogAudioMixer: Display: Audio Mixer Platform Settings:
[2020.04.23-06.00.12:990][  0]LogAudioMixer: Display: 	Sample Rate:						  48000
[2020.04.23-06.00.12:990][  0]LogAudioMixer: Display: 	Callback Buffer Frame Size Requested: 1024
[2020.04.23-06.00.12:990][  0]LogAudioMixer: Display: 	Callback Buffer Frame Size To Use:	  1024
[2020.04.23-06.00.12:990][  0]LogAudioMixer: Display: 	Number of buffers to queue:			  2
[2020.04.23-06.00.12:990][  0]LogAudioMixer: Display: 	Max Channels (voices):				  32
[2020.04.23-06.00.12:990][  0]LogAudioMixer: Display: 	Number of Async Source Workers:		  0
[2020.04.23-06.00.12:990][  0]LogAudio: Display: AudioDevice MaxSources: 32
[2020.04.23-06.00.14:455][  0]LogAudio: Display: Using built-in audio occlusion.
[2020.04.23-06.00.14:455][  0]LogAudioMixer: Display: Initializing audio mixer.
[2020.04.23-06.00.16:630][  0]LogAudioMixer: Display: Audio Device Output Speaker Info:
[2020.04.23-06.00.16:630][  0]LogAudioMixer: Display: Name: Hoparlör (Realtek High Definition Audio)
[2020.04.23-06.00.16:630][  0]LogAudioMixer: Display: Is Default: Yes
[2020.04.23-06.00.16:630][  0]LogAudioMixer: Display: Sample Rate: 48000
[2020.04.23-06.00.16:630][  0]LogAudioMixer: Display: Channel Count Used: 2
[2020.04.23-06.00.16:630][  0]LogAudioMixer: Display: Device Channel Count: 2
[2020.04.23-06.00.16:631][  0]LogAudioMixer: Display: Channel Order:
[2020.04.23-06.00.16:631][  0]LogAudioMixer: Display: 0: FrontLeft
[2020.04.23-06.00.16:631][  0]LogAudioMixer: Display: 1: FrontRight
[2020.04.23-06.00.17:805][  0]LogAudioMixer: Display: Using Audio Device Hoparlör (Realtek High Definition Audio)
[2020.04.23-06.00.18:469][  0]LogInit: FAudioDevice initialized.
[2020.04.23-06.00.18:470][  0]LogNetVersion: Set ProjectVersion to 1.0.0.0. Version Checksum will be recalculated on next use.
[2020.04.23-06.00.23:017][  0]LogDerivedDataCache: Saved boot cache 4.55s 78MB C:/Users/cem/AppData/Local/UnrealEngine/4.24/DerivedDataCache/Boot.ddc.
[2020.04.23-06.00.23:497][  0]LogInit: Texture streaming: Enabled
[2020.04.23-06.00.25:048][  0]LogEngineSessionManager: EngineSessionManager initialized
[2020.04.23-06.00.25:088][  0]LogEditorSessionSummary: Verbose: Initializing EditorSessionSummaryWriter for editor session tracking
[2020.04.23-06.00.25:188][  0]LogEditorSessionSummary: EditorSessionSummaryWriter initialized
[2020.04.23-06.00.26:571][  0]LogInit: Transaction tracking system initialized
[2020.04.23-06.00.28:755][  0]BlueprintLog: New page: Editor Load
[2020.04.23-06.00.30:900][  0]LogAssetRegistry: Error: Failed to open file for write ../../../../../../Users/cem/Documents/GitHub/MyProjectV1.0/Intermediate/CachedAssetRegistry.bin
[2020.04.23-06.00.32:887][  0]LogConfig: Warning: Failed to saved backup for config[../../../../../../Users/cem/Documents/GitHub/MyProjectV1.0/Intermediate/Config/CoalescedSourceConfigs/LocalizationServiceSettings.ini]
[2020.04.23-06.00.32:896][  0]LocalizationService: Localization service is disabled
[2020.04.23-06.00.39:383][  0]LogVSAccessor: Display: Unable to create Visual Studio setup instance: 80040154
[2020.04.23-06.00.39:384][  0]LogVSAccessor: Display: Unable to create Visual Studio setup instance: 80040154
[2020.04.23-06.00.56:182][  0]LogFileCache: Scanning file cache for directory 'C:/Users/cem/Documents/GitHub/MyProjectV1.0/Content/' took 0.12s
[2020.04.23-06.00.56:183][  0]LogCook: Display: Max memory allowance for cook 16384mb min free memory 0mb
[2020.04.23-06.00.56:185][  0]LogCook: Display: Mobile HDR setting 1
[2020.04.23-06.01.56:153][  0]LogWindows: Warning: CreateProc failed: Sistem belirtilen dosyayı bulamıyor. (0x00000002)
[2020.04.23-06.01.56:154][  0]LogWindows: Warning: URL: D:/Program Files/Git/bin/git.exe version
[2020.04.23-06.01.56:155][  0]Cmd: MAP LOAD FILE="../../../../../../Users/cem/Documents/GitHub/MyProjectV1.0/Content/ThirdPersonBP/Maps/ThirdPersonExampleMap.umap" TEMPLATE=0 SHOWPROGRESS=1 FEATURELEVEL=3
[2020.04.23-06.01.56:255][  0]LightingResults: New page: Lighting Build
[2020.04.23-06.01.56:398][  0]LogWorld: UWorld::CleanupWorld for Untitled, bSessionEnded=true, bCleanupResources=true
[2020.04.23-06.01.56:398][  0]LogSlate: InvalidateAllWidgets triggered.  All widgets were invalidated
[2020.04.23-06.01.56:399][  0]MapCheck: New page: Map Check
[2020.04.23-06.01.56:399][  0]LightingResults: New page: Lighting Build
[2020.04.23-06.01.56:721][  0]LogUObjectHash: Compacting FUObjectHashTables data took  13.37ms
[2020.04.23-06.02.03:560][  0]LogAnimation: Warning: Animation Blueprint /Game/Spawn_System/Characters/Animations/UE4ASP_HeroTPP_AnimBlueprint.UE4ASP_HeroTPP_AnimBlueprint has nodes with invalid node guids that have been regenerated. This blueprint will not cook deterministically until it is resaved.
[2020.04.23-06.02.11:753][  0]LogLinker: Warning: While loading '../../../../../../Users/cem/Documents/GitHub/MyProjectV1.0/Content/FireMaterialFiles/Blueprints/FireMaterialFiles/Fire_BP.uasset' failed to load '/Game/ThirdPersonBP/Blueprints/FireMaterialFiles/Fire_MAT_Inst': Can't find file.
[2020.04.23-06.02.11:786][  0]LogLinker: Warning: While loading '../../../../../../Users/cem/Documents/GitHub/MyProjectV1.0/Content/FireMaterialFiles/Blueprints/FireMaterialFiles/Fire_BP.uasset' failed to load '/Game/ThirdPersonBP/Blueprints/FireMaterialFiles/Fire_MAT_Inst': Can't find file.
[2020.04.23-06.02.11:923][  0]LogLinker: Warning: While loading '../../../../../../Users/cem/Documents/GitHub/MyProjectV1.0/Content/FireMaterialFiles/Blueprints/FireMaterialFiles/Fire_BP.uasset' failed to load '/Game/ThirdPersonBP/Blueprints/FireMaterialFiles/Fire_MAT_Inst': Can't find file.
[2020.04.23-06.02.11:924][  0]LogLinker: Warning: While loading '../../../../../../Users/cem/Documents/GitHub/MyProjectV1.0/Content/FireMaterialFiles/Blueprints/FireMaterialFiles/Fire_BP.uasset' failed to load '/Game/ThirdPersonBP/Blueprints/FireMaterialFiles/Fire_MAT_Inst': Can't find file.
[2020.04.23-06.02.11:963][  0]LogLinker: Warning: While loading '../../../../../../Users/cem/Documents/GitHub/MyProjectV1.0/Content/ThirdPersonBP/Maps/ThirdPersonExampleMap.umap' failed to load '/Game/ThirdPersonBP/Blueprints/FireMaterialFiles/Fire_MAT_Inst': Can't find file.
[2020.04.23-06.02.11:964][  0]LogLinker: Warning: While loading '../../../../../../Users/cem/Documents/GitHub/MyProjectV1.0/Content/ThirdPersonBP/Maps/ThirdPersonExampleMap.umap' failed to load '/Game/ThirdPersonBP/Blueprints/FireMaterialFiles/Fire_MAT_Inst': Can't find file.
[2020.04.23-06.02.11:964][  0]LogLinker: Warning: While loading '../../../../../../Users/cem/Documents/GitHub/MyProjectV1.0/Content/ThirdPersonBP/Maps/ThirdPersonExampleMap.umap' failed to load '/Game/ThirdPersonBP/Blueprints/FireMaterialFiles/Fire_MAT_Inst': Can't find file.
[2020.04.23-06.02.11:964][  0]LogLinker: Warning: While loading '../../../../../../Users/cem/Documents/GitHub/MyProjectV1.0/Content/ThirdPersonBP/Maps/ThirdPersonExampleMap.umap' failed to load '/Game/ThirdPersonBP/Blueprints/FireMaterialFiles/Fire_MAT_Inst': Can't find file.
[2020.04.23-06.02.11:973][  0]LogLinker: Warning: While loading '../../../../../../Users/cem/Documents/GitHub/MyProjectV1.0/Content/ThirdPersonBP/Maps/ThirdPersonExampleMap.umap' failed to load '/Game/ThirdPersonBP/Blueprints/FireMaterialFiles/Fire_MAT_Inst': Can't find file.
[2020.04.23-06.02.11:973][  0]LoadErrors: Failed to load /Game/ThirdPersonBP/Blueprints/FireMaterialFiles/Fire_MAT_Inst.Fire_MAT_Inst Referenced by StaticMesh_GEN_VARIABLE
[2020.04.23-06.02.11:973][  0]LogLinker: Warning: While loading '../../../../../../Users/cem/Documents/GitHub/MyProjectV1.0/Content/ThirdPersonBP/Maps/ThirdPersonExampleMap.umap' failed to load '/Game/ThirdPersonBP/Blueprints/FireMaterialFiles/Fire_MAT_Inst': Can't find file.
[2020.04.23-06.02.11:974][  0]LoadErrors: Failed to load /Game/ThirdPersonBP/Blueprints/FireMaterialFiles/Fire_MAT_Inst.Fire_MAT_Inst Referenced by StaticMesh_GEN_VARIABLE
[2020.04.23-06.02.28:489][  0]LogAIModule: Creating AISystem for world ThirdPersonExampleMap
[2020.04.23-06.02.32:813][  0]LogEditorServer: Finished looking for orphan Actors (0.001 secs)
[2020.04.23-06.02.33:406][  0]LogUObjectHash: Compacting FUObjectHashTables data took  10.49ms
[2020.04.23-06.02.33:407][  0]Cmd: MAP CHECKDEP NOCLEARLOG
[2020.04.23-06.02.33:408][  0]MapCheck: Map check complete: 0 Error(s), 0 Warning(s), took 0,358ms to complete.
[2020.04.23-06.02.33:408][  0]LogFileHelpers: Loading map 'ThirdPersonExampleMap' took 37.253
[2020.04.23-06.02.40:230][  0]LogSlate: Updating window title bar state: overlay mode, drag disabled, window buttons hidden, title bar hidden
[2020.04.23-06.02.40:373][  0]LogSlate: Updating window title bar state: overlay mode, drag disabled, window buttons hidden, title bar hidden
[2020.04.23-06.02.40:398][  0]LogSlate: Updating window title bar state: overlay mode, drag disabled, window buttons hidden, title bar hidden
[2020.04.23-06.02.40:445][  0]LogSlate: Updating window title bar state: overlay mode, drag disabled, window buttons hidden, title bar hidden
[2020.04.23-06.02.40:877][  0]LogCollectionManager: Loaded 0 collections in 0.004879 seconds
[2020.04.23-06.03.04:925][  0]LogFileCache: Scanning file cache for directory 'C:/Users/cem/Documents/GitHub/MyProjectV1.0/Saved/Collections/' took 0.01s
[2020.04.23-06.03.04:925][  0]LogFileCache: Scanning file cache for directory 'C:/Users/cem/Documents/GitHub/MyProjectV1.0/Content/Developers/cem/Collections/' took 0.00s
[2020.04.23-06.03.04:925][  0]LogFileCache: Scanning file cache for directory 'C:/Users/cem/Documents/GitHub/MyProjectV1.0/Content/Collections/' took 0.00s
[2020.04.23-06.03.04:925][  0]LogContentBrowser: Native class hierarchy populated in 20.1133 seconds. Added 3015 classes and 717 folders.
[2020.04.23-06.03.05:306][  0]LogContentBrowser: Native class hierarchy updated for 'WidgetCarousel' in 0.0006 seconds. Added 0 classes and 0 folders.
[2020.04.23-06.03.14:070][  0]LogContentBrowser: Native class hierarchy updated for 'AddContentDialog' in 0.0333 seconds. Added 0 classes and 0 folders.
[2020.04.23-06.03.25:087][  0]LogAudioMixer: Display: Audio Buffer Underrun detected.
[2020.04.23-06.03.25:087][  0]LogSlate: Took 0.160240 seconds to synchronously load lazily loaded font '../../../Engine/Content/Slate/Fonts/Roboto-Regular.ttf' (155K)
[2020.04.23-06.03.25:481][  0]LogSlate: Took 0.043969 seconds to synchronously load lazily loaded font '../../../Engine/Content/Slate/Fonts/Roboto-Bold.ttf' (160K)
[2020.04.23-06.03.26:113][  0]LogSlate: Took 0.106402 seconds to synchronously load lazily loaded font '../../../Engine/Content/Editor/Slate/Fonts/FontAwesome.ttf' (139K)
[2020.04.23-06.03.29:143][  0]LogRenderer: Reallocating scene render targets to support 856x372 Format 10 NumSamples 1 (Frame:1).
[2020.04.23-06.03.37:149][  0]LogAudioMixer: Display: Audio Buffer Underrun detected.
[2020.04.23-06.03.37:749][  0]LogContentBrowser: Native class hierarchy updated for 'HierarchicalLODOutliner' in 0.0009 seconds. Added 0 classes and 0 folders.
[2020.04.23-06.03.37:750][  0]LogLoad: (Engine Initialization) Total time: 384.72 seconds
[2020.04.23-06.03.37:750][  0]LogLoad: (Engine Initialization) Total Blueprint compile time: 0.00 seconds
[2020.04.23-06.03.52:105][  0]LogContentStreaming: Texture pool size now 1000 MB
[2020.04.23-06.03.59:777][  3]LogSlate: Took 0.069859 seconds to synchronously load lazily loaded font '../../../Engine/Content/Slate/Fonts/Roboto-Light.ttf' (167K)
[2020.04.23-06.04.26:312][168]LogSlate: Window 'Message Log' being destroyed
[2020.04.23-06.04.26:329][168]LogSlate: Window 'Message Log' being destroyed
[2020.04.23-06.04.27:483][173]LogAssetRegistry: Asset discovery search completed in 383.7383 seconds
[2020.04.23-06.04.27:496][173]LogCollectionManager: Fixed up redirectors for 0 collections in 0.000026 seconds (updated 0 objects)
[2020.04.23-06.04.55:779][621]LogActorFactory: Actor Factory created Cube
[2020.04.23-06.05.02:150][623]LogActorFactory: Actor Factory created Cube
[2020.04.23-06.05.17:769][623]LogAudioMixer: Display: Audio Buffer Underrun detected.
[2020.04.23-06.06.58:633][577]LogAudioMixer: Display: Audio Buffer Underrun detected.
[2020.04.23-06.07.17:062][620]LogAudioMixer: Display: Audio Buffer Underrun detected.
[2020.04.23-06.07.45:401][694]LogSlate: Took 0.341649 seconds to synchronously load lazily loaded font '../../../Engine/Content/Slate/Fonts/Roboto-Light.ttf' (167K)
[2020.04.23-06.07.48:413][694]LogUObjectHash: Compacting FUObjectHashTables data took   6.11ms
[2020.04.23-06.08.36:178][694]LogSavePackage: Moving '../../../../../../Users/cem/Documents/GitHub/MyProjectV1.0/Saved/ThirdPersonExampleMap5D1C0E634D88B490F5B4929190AE974F.tmp' to '../../../../../../Users/cem/Documents/GitHub/MyProjectV1.0/Content/ThirdPersonBP/Maps/ThirdPersonExampleMap.umap'
[2020.04.23-06.08.36:180][694]LogFileManager: Warning: DeleteFile was unable to delete '../../../../../../Users/cem/Documents/GitHub/MyProjectV1.0/Content/ThirdPersonBP/Maps/ThirdPersonExampleMap.umap', retrying in .5s...
[2020.04.23-06.08.36:680][694]LogFileManager: Error: Error deleting file '../../../../../../Users/cem/Documents/GitHub/MyProjectV1.0/Content/ThirdPersonBP/Maps/ThirdPersonExampleMap.umap'.
[2020.04.23-06.08.36:681][694]LogSavePackage: Error: Error saving '../../../../../../Users/cem/Documents/GitHub/MyProjectV1.0/Content/ThirdPersonBP/Maps/ThirdPersonExampleMap.umap'
[2020.04.23-06.08.37:191][694]EditorErrors: New page: Save Output
[2020.04.23-06.08.37:192][694]EditorErrors: Warning: Error saving '../../../../../../Users/cem/Documents/GitHub/MyProjectV1.0/Content/ThirdPersonBP/Maps/ThirdPersonExampleMap.umap'
[2020.04.23-06.08.42:305][747]LogSlate: Window 'Message Log' being destroyed
[2020.04.23-06.08.42:348][747]LogSlate: Window 'Message Log' being destroyed
[2020.04.23-06.12.23:256][448]LogAudioMixer: Display: Audio Buffer Underrun detected.
[2020.04.23-06.12.45:686][514]LogAudioMixer: Display: Audio Buffer Underrun detected.
[2020.04.23-06.12.45:687][514]LogAudioMixer: Display: Audio Buffer Underrun detected.
[2020.04.23-06.12.53:205][536]LogAudioMixer: Display: Audio Buffer Underrun detected.
[2020.04.23-06.13.05:744][565]LogAudioMixer: Display: Audio Buffer Underrun detected.
[2020.04.23-06.13.46:489][623]LogUObjectHash: Compacting FUObjectHashTables data took   8.44ms
[2020.04.23-06.13.49:675][623]LogSavePackage: Moving '../../../../../../Users/cem/Documents/GitHub/MyProjectV1.0/Saved/ThirdPersonExampleMap_Auto11F26718847D887DA0ADBC1B7A1A72823.tmp' to '../../../../../../Users/cem/Documents/GitHub/MyProjectV1.0/Saved/Autosaves/Game/ThirdPersonBP/Maps/ThirdPersonExampleMap_Auto1.umap'
[2020.04.23-06.13.50:688][623]LogFileHelpers: Editor autosave (incl. sublevels) for '/Game/ThirdPersonBP/Maps/ThirdPersonExampleMap' took 4.414
[2020.04.23-06.13.50:688][623]LogFileHelpers: Editor autosave (incl. sublevels) for all levels took 4.414
[2020.04.23-06.13.52:367][627]LogAudioMixer: Display: Audio Buffer Underrun detected.
[2020.04.23-06.15.47:523][941]LogAudioMixer: Display: Audio Buffer Underrun detected.
[2020.04.23-06.17.06:988][177]LogAudioMixer: Display: Audio Buffer Underrun detected.
[2020.04.23-06.17.21:134][219]LogAudioMixer: Display: Audio Buffer Underrun detected.
[2020.04.23-06.17.21:134][219]LogAudioMixer: Display: Audio Buffer Underrun detected.
[2020.04.23-06.17.57:405][326]LogAudioMixer: Display: Audio Buffer Underrun detected.
